[2018-06-08 00:15:02,657: WARNING/MainProcess] celery@zhangchenyudeMacBook-Pro.local ready.
[2018-06-08 00:15:03,674: WARNING/Worker-1] 123
[2018-06-08 00:15:03,676: WARNING/Worker-7] 123
[2018-06-08 00:15:03,679: WARNING/Worker-3] 123
[2018-06-08 00:15:03,680: WARNING/Worker-4] 123
[2018-06-08 00:15:03,684: WARNING/Worker-8] 123
[2018-06-08 00:15:03,686: WARNING/Worker-6] 123
[2018-06-08 00:15:03,779: WARNING/Worker-2] 123
[2018-06-08 00:15:03,779: WARNING/Worker-5] 123
[2018-06-08 00:15:03,996: WARNING/Worker-6] 宠物天王更新结束。
[2018-06-08 00:15:04,024: WARNING/Worker-3] 宠物天王更新结束。
[2018-06-08 00:15:04,027: WARNING/Worker-1] 宠物天王更新结束。
[2018-06-08 00:15:04,031: WARNING/Worker-8] 宠物天王更新结束。
[2018-06-08 00:15:04,031: WARNING/Worker-4] 宠物天王更新结束。
[2018-06-08 00:15:04,033: WARNING/Worker-7] 宠物天王更新结束。
[2018-06-08 00:15:04,034: WARNING/Worker-5] 宠物天王更新结束。
[2018-06-08 00:15:04,035: WARNING/Worker-2] 宠物天王更新结束。
[2018-06-08 00:15:04,968: WARNING/Worker-4] 修真聊天群更新结束。
[2018-06-08 00:15:04,968: WARNING/Worker-2] 修真聊天群更新结束。
[2018-06-08 00:15:04,968: WARNING/Worker-5] 修真聊天群更新结束。
[2018-06-08 00:15:04,968: WARNING/Worker-1] 修真聊天群更新结束。
[2018-06-08 00:15:04,991: WARNING/Worker-3] 修真聊天群更新结束。
[2018-06-08 00:15:04,993: WARNING/Worker-7] 修真聊天群更新结束。
[2018-06-08 00:15:04,994: WARNING/Worker-8] 修真聊天群更新结束。
[2018-06-08 00:15:05,020: WARNING/Worker-6] 修真聊天群更新结束。
[2018-06-08 00:15:05,717: WARNING/Worker-5] 寒门崛起更新结束。
[2018-06-08 00:15:05,717: WARNING/Worker-2] 寒门崛起更新结束。
[2018-06-08 00:15:05,721: WARNING/Worker-1] 寒门崛起更新结束。
[2018-06-08 00:15:05,736: WARNING/Worker-7] 寒门崛起更新结束。
[2018-06-08 00:15:05,738: WARNING/Worker-8] 寒门崛起更新结束。
[2018-06-08 00:15:05,739: WARNING/Worker-3] 寒门崛起更新结束。
[2018-06-08 00:15:05,741: WARNING/Worker-4] 寒门崛起更新结束。
[2018-06-08 00:15:06,057: WARNING/Worker-6] 寒门崛起更新结束。
[2018-06-08 00:15:06,641: WARNING/Worker-1] 龙王传说更新结束。
[2018-06-08 00:15:06,642: WARNING/Worker-2] 龙王传说更新结束。
[2018-06-08 00:15:06,642: WARNING/Worker-7] 龙王传说更新结束。
[2018-06-08 00:15:06,642: WARNING/Worker-5] 龙王传说更新结束。
[2018-06-08 00:15:06,643: WARNING/Worker-8] 龙王传说更新结束。
[2018-06-08 00:15:06,658: WARNING/Worker-3] 龙王传说更新结束。
[2018-06-08 00:15:06,659: WARNING/Worker-4] 龙王传说更新结束。
[2018-06-08 00:15:06,741: WARNING/Worker-6] 龙王传说更新结束。
[2018-06-08 00:15:07,453: WARNING/Worker-3] 圣墟更新结束。
[2018-06-08 00:15:07,499: WARNING/Worker-5] 圣墟更新结束。
[2018-06-08 00:15:07,499: WARNING/Worker-8] 圣墟更新结束。
[2018-06-08 00:15:07,521: WARNING/Worker-4] 圣墟更新结束。
[2018-06-08 00:15:07,521: WARNING/Worker-7] 圣墟更新结束。
[2018-06-08 00:15:07,521: WARNING/Worker-2] 圣墟更新结束。
[2018-06-08 00:15:07,521: WARNING/Worker-6] 圣墟更新结束。
[2018-06-08 00:15:07,542: WARNING/Worker-1] 圣墟更新结束。
[2018-06-08 00:15:08,224: WARNING/Worker-1] 放开那个女巫更新结束。
[2018-06-08 00:15:08,227: WARNING/Worker-3] 放开那个女巫更新结束。
[2018-06-08 00:15:08,227: WARNING/Worker-6] 放开那个女巫更新结束。
[2018-06-08 00:15:08,236: WARNING/Worker-5] 放开那个女巫更新结束。
[2018-06-08 00:15:08,241: WARNING/Worker-8] 放开那个女巫更新结束。
[2018-06-08 00:15:08,242: WARNING/Worker-4] 放开那个女巫更新结束。
[2018-06-08 00:15:08,241: WARNING/Worker-2] 放开那个女巫更新结束。
[2018-06-08 00:15:08,241: WARNING/Worker-7] 放开那个女巫更新结束。
[2018-06-08 00:15:09,580: WARNING/Worker-7] 全职法师更新结束。
[2018-06-08 00:15:09,581: WARNING/Worker-1] 全职法师更新结束。
[2018-06-08 00:15:09,581: WARNING/Worker-5] 全职法师更新结束。
[2018-06-08 00:15:09,582: WARNING/Worker-3] 全职法师更新结束。
[2018-06-08 00:15:09,584: WARNING/Worker-2] 全职法师更新结束。
[2018-06-08 00:15:09,584: WARNING/Worker-8] 全职法师更新结束。
[2018-06-08 00:15:09,584: WARNING/Worker-4] 全职法师更新结束。
[2018-06-08 00:15:09,585: WARNING/Worker-6] 全职法师更新结束。
[2018-06-08 00:15:10,335: WARNING/Worker-2] 神级强者在都市更新结束。
[2018-06-08 00:15:10,335: WARNING/Worker-5] 神级强者在都市更新结束。
[2018-06-08 00:15:10,335: WARNING/Worker-3] 神级强者在都市更新结束。
[2018-06-08 00:15:10,341: WARNING/Worker-8] 神级强者在都市更新结束。
[2018-06-08 00:15:10,342: WARNING/Worker-7] 神级强者在都市更新结束。
[2018-06-08 00:15:10,343: WARNING/Worker-1] 神级强者在都市更新结束。
[2018-06-08 00:15:10,349: WARNING/Worker-6] 神级强者在都市更新结束。
[2018-06-08 00:15:10,349: WARNING/Worker-4] 神级强者在都市更新结束。
[2018-06-08 00:15:11,162: WARNING/Worker-1] 剑来更新结束。
[2018-06-08 00:15:11,163: WARNING/Worker-3] 剑来更新结束。
[2018-06-08 00:15:11,163: WARNING/Worker-2] 剑来更新结束。
[2018-06-08 00:15:11,163: WARNING/Worker-5] 剑来更新结束。
[2018-06-08 00:15:11,165: WARNING/Worker-6] 剑来更新结束。
[2018-06-08 00:15:11,169: WARNING/Worker-7] 剑来更新结束。
[2018-06-08 00:15:11,169: WARNING/Worker-8] 剑来更新结束。
[2018-06-08 00:15:11,543: WARNING/Worker-4] 剑来更新结束。
[2018-06-08 00:15:11,697: WARNING/Worker-3] 大王饶命更新结束。
[2018-06-08 00:15:11,702: WARNING/Worker-8] 大王饶命更新结束。
[2018-06-08 00:15:11,704: WARNING/Worker-2] 大王饶命更新结束。
[2018-06-08 00:15:11,705: WARNING/Worker-7] 大王饶命更新结束。
[2018-06-08 00:15:11,705: WARNING/Worker-6] 大王饶命更新结束。
[2018-06-08 00:15:11,705: WARNING/Worker-5] 大王饶命更新结束。
[2018-06-08 00:15:11,705: WARNING/Worker-1] 大王饶命更新结束。
[2018-06-08 00:15:11,711: WARNING/Worker-4] 大王饶命更新结束。
[2018-06-08 00:15:12,880: WARNING/Worker-4] 异常生物见闻录更新结束。
[2018-06-08 00:15:12,884: WARNING/Worker-1] 异常生物见闻录更新结束。
[2018-06-08 00:15:12,884: WARNING/Worker-6] 异常生物见闻录更新结束。
[2018-06-08 00:15:12,888: WARNING/Worker-8] 异常生物见闻录更新结束。
[2018-06-08 00:15:12,888: WARNING/Worker-3] 异常生物见闻录更新结束。
[2018-06-08 00:15:12,888: WARNING/Worker-7] 异常生物见闻录更新结束。
[2018-06-08 00:15:12,889: WARNING/Worker-5] 异常生物见闻录更新结束。
[2018-06-08 00:15:12,891: WARNING/Worker-2] 异常生物见闻录更新结束。
[2018-06-08 00:15:13,507: WARNING/Worker-4] 123
[2018-06-08 00:15:13,508: WARNING/Worker-1] 123
[2018-06-08 00:15:13,512: WARNING/Worker-2] 123
[2018-06-08 00:15:13,512: WARNING/Worker-8] 123
[2018-06-08 00:15:13,536: WARNING/Worker-6] 123
[2018-06-08 00:15:13,536: WARNING/Worker-7] 123
[2018-06-08 00:15:13,537: WARNING/Worker-5] 123
[2018-06-08 00:15:13,567: WARNING/Worker-3] 123
[2018-06-08 00:15:13,591: WARNING/Worker-4] 宠物天王更新结束。
[2018-06-08 00:15:13,595: WARNING/Worker-1] 宠物天王更新结束。
[2018-06-08 00:15:13,598: WARNING/Worker-8] 宠物天王更新结束。
[2018-06-08 00:15:13,599: WARNING/Worker-2] 宠物天王更新结束。
[2018-06-08 00:15:13,622: WARNING/Worker-6] 宠物天王更新结束。
[2018-06-08 00:15:13,630: WARNING/Worker-7] 宠物天王更新结束。
[2018-06-08 00:15:13,635: WARNING/Worker-5] 宠物天王更新结束。
[2018-06-08 00:15:13,673: WARNING/Worker-3] 宠物天王更新结束。
[2018-06-08 00:15:14,102: WARNING/Worker-4] 修真聊天群更新结束。
[2018-06-08 00:15:14,149: WARNING/Worker-2] 修真聊天群更新结束。
[2018-06-08 00:15:14,165: WARNING/Worker-1] 修真聊天群更新结束。
[2018-06-08 00:15:14,327: WARNING/Worker-8] 修真聊天群更新结束。
[2018-06-08 00:15:14,354: WARNING/Worker-5] 修真聊天群更新结束。
[2018-06-08 00:15:14,369: WARNING/Worker-7] 修真聊天群更新结束。
[2018-06-08 00:15:14,370: WARNING/Worker-6] 修真聊天群更新结束。
[2018-06-08 00:15:14,377: WARNING/Worker-3] 修真聊天群更新结束。
[2018-06-08 00:15:14,378: WARNING/Worker-4] 寒门崛起更新结束。
[2018-06-08 00:15:14,548: WARNING/Worker-1] 寒门崛起更新结束。
[2018-06-08 00:15:14,549: WARNING/Worker-2] 寒门崛起更新结束。
[2018-06-08 00:15:14,581: WARNING/Worker-8] 寒门崛起更新结束。
[2018-06-08 00:15:14,623: WARNING/Worker-5] 寒门崛起更新结束。
[2018-06-08 00:15:14,738: WARNING/Worker-6] 寒门崛起更新结束。
[2018-06-08 00:15:14,738: WARNING/Worker-7] 寒门崛起更新结束。
[2018-06-08 00:15:14,738: WARNING/Worker-3] 寒门崛起更新结束。
[2018-06-08 00:15:14,839: WARNING/Worker-4] 龙王传说更新结束。
[2018-06-08 00:15:14,963: WARNING/Worker-1] 龙王传说更新结束。
[2018-06-08 00:15:15,036: WARNING/Worker-2] 龙王传说更新结束。
[2018-06-08 00:15:15,093: WARNING/Worker-8] 龙王传说更新结束。
[2018-06-08 00:15:15,176: WARNING/Worker-5] 龙王传说更新结束。
[2018-06-08 00:15:15,321: WARNING/Worker-6] 龙王传说更新结束。
[2018-06-08 00:15:15,393: WARNING/Worker-7] 龙王传说更新结束。
[2018-06-08 00:15:15,394: WARNING/Worker-4] 圣墟更新结束。
[2018-06-08 00:15:15,402: WARNING/Worker-3] 龙王传说更新结束。
[2018-06-08 00:15:15,406: WARNING/Worker-1] 圣墟更新结束。
[2018-06-08 00:15:15,506: WARNING/Worker-2] 圣墟更新结束。
[2018-06-08 00:15:15,542: WARNING/Worker-8] 圣墟更新结束。
[2018-06-08 00:15:15,638: WARNING/Worker-5] 圣墟更新结束。
[2018-06-08 00:15:15,723: WARNING/Worker-6] 圣墟更新结束。
[2018-06-08 00:15:15,835: WARNING/Worker-4] 放开那个女巫更新结束。
[2018-06-08 00:15:15,851: WARNING/Worker-1] 放开那个女巫更新结束。
[2018-06-08 00:15:15,961: WARNING/Worker-7] 圣墟更新结束。
[2018-06-08 00:15:15,969: WARNING/Worker-2] 放开那个女巫更新结束。
[2018-06-08 00:15:15,969: WARNING/Worker-8] 放开那个女巫更新结束。
[2018-06-08 00:15:15,969: WARNING/Worker-3] 圣墟更新结束。
[2018-06-08 00:15:16,087: WARNING/Worker-6] 放开那个女巫更新结束。
[2018-06-08 00:15:16,096: WARNING/Worker-5] 放开那个女巫更新结束。
[2018-06-08 00:15:16,431: WARNING/Worker-7] 放开那个女巫更新结束。
[2018-06-08 00:15:16,435: WARNING/Worker-3] 放开那个女巫更新结束。
[2018-06-08 00:15:16,727: WARNING/Worker-4] 全职法师更新结束。
[2018-06-08 00:15:16,740: WARNING/Worker-1] 全职法师更新结束。
[2018-06-08 00:15:16,879: WARNING/Worker-8] 全职法师更新结束。
[2018-06-08 00:15:16,900: WARNING/Worker-2] 全职法师更新结束。
[2018-06-08 00:15:16,944: WARNING/Worker-4] 神级强者在都市更新结束。
[2018-06-08 00:15:16,975: WARNING/Worker-1] 神级强者在都市更新结束。
[2018-06-08 00:15:17,012: WARNING/Worker-5] 全职法师更新结束。
[2018-06-08 00:15:17,084: WARNING/Worker-4] 剑来更新结束。
[2018-06-08 00:15:17,109: WARNING/Worker-6] 全职法师更新结束。
[2018-06-08 00:15:17,109: WARNING/Worker-8] 神级强者在都市更新结束。
[2018-06-08 00:15:17,112: WARNING/Worker-1] 剑来更新结束。
[2018-06-08 00:15:17,132: WARNING/Worker-2] 神级强者在都市更新结束。
[2018-06-08 00:15:17,235: WARNING/Worker-4] 大王饶命更新结束。
[2018-06-08 00:15:17,248: WARNING/Worker-8] 剑来更新结束。
[2018-06-08 00:15:17,248: WARNING/Worker-3] 全职法师更新结束。
[2018-06-08 00:15:17,262: WARNING/Worker-5] 神级强者在都市更新结束。
[2018-06-08 00:15:17,278: WARNING/Worker-2] 剑来更新结束。
[2018-06-08 00:15:17,311: WARNING/Worker-1] 大王饶命更新结束。
[2018-06-08 00:15:17,311: WARNING/Worker-7] 全职法师更新结束。
[2018-06-08 00:15:17,435: WARNING/Worker-6] 神级强者在都市更新结束。
[2018-06-08 00:15:17,492: WARNING/Worker-5] 剑来更新结束。
[2018-06-08 00:15:17,524: WARNING/Worker-8] 大王饶命更新结束。
[2018-06-08 00:15:17,550: WARNING/Worker-2] 大王饶命更新结束。
[2018-06-08 00:15:17,584: WARNING/Worker-3] 神级强者在都市更新结束。
[2018-06-08 00:15:17,628: WARNING/Worker-6] 剑来更新结束。
[2018-06-08 00:15:17,694: WARNING/Worker-7] 神级强者在都市更新结束。
[2018-06-08 00:15:17,710: WARNING/Worker-5] 大王饶命更新结束。
[2018-06-08 00:15:17,772: WARNING/Worker-3] 剑来更新结束。
[2018-06-08 00:15:17,850: WARNING/Worker-7] 剑来更新结束。
[2018-06-08 00:15:17,852: WARNING/Worker-6] 大王饶命更新结束。
[2018-06-08 00:15:17,904: WARNING/Worker-4] 异常生物见闻录更新结束。
[2018-06-08 00:15:17,999: WARNING/Worker-3] 大王饶命更新结束。
[2018-06-08 00:15:18,012: WARNING/Worker-1] 异常生物见闻录更新结束。
[2018-06-08 00:15:18,039: WARNING/Worker-7] 大王饶命更新结束。
[2018-06-08 00:15:18,098: WARNING/Worker-8] 异常生物见闻录更新结束。
[2018-06-08 00:15:18,191: WARNING/Worker-2] 异常生物见闻录更新结束。
[2018-06-08 00:15:18,234: WARNING/Worker-5] 异常生物见闻录更新结束。
[2018-06-08 00:15:18,353: WARNING/Worker-6] 异常生物见闻录更新结束。
[2018-06-08 00:15:18,533: WARNING/Worker-3] 异常生物见闻录更新结束。
[2018-06-08 00:15:18,538: WARNING/Worker-7] 异常生物见闻录更新结束。
[2018-06-08 00:15:18,542: WARNING/Worker-1] 123
[2018-06-08 00:15:18,565: WARNING/Worker-8] 123
[2018-06-08 00:15:18,647: WARNING/Worker-1] 宠物天王更新结束。
[2018-06-08 00:15:18,657: WARNING/Worker-8] 宠物天王更新结束。
[2018-06-08 00:15:18,748: WARNING/Worker-2] 123
[2018-06-08 00:15:18,843: WARNING/Worker-4] 123
[2018-06-08 00:15:18,889: WARNING/Worker-2] 宠物天王更新结束。
[2018-06-08 00:15:18,944: WARNING/Worker-4] 宠物天王更新结束。
[2018-06-08 00:15:18,944: WARNING/Worker-5] 123
[2018-06-08 00:15:19,078: WARNING/Worker-5] 宠物天王更新结束。
[2018-06-08 00:15:19,142: WARNING/Worker-3] 123
[2018-06-08 00:15:19,153: WARNING/Worker-7] 123
[2018-06-08 00:15:19,179: WARNING/Worker-6] 123
[2018-06-08 00:15:19,179: WARNING/Worker-8] 修真聊天群更新结束。
[2018-06-08 00:15:19,179: WARNING/Worker-1] 修真聊天群更新结束。
[2018-06-08 00:15:19,236: WARNING/Worker-7] 宠物天王更新结束。
[2018-06-08 00:15:19,236: WARNING/Worker-3] 宠物天王更新结束。
[2018-06-08 00:15:19,263: WARNING/Worker-6] 宠物天王更新结束。
[2018-06-08 00:15:19,521: WARNING/Worker-2] 修真聊天群更新结束。
[2018-06-08 00:15:19,572: WARNING/Worker-4] 修真聊天群更新结束。
[2018-06-08 00:15:19,593: WARNING/Worker-8] 寒门崛起更新结束。
[2018-06-08 00:15:19,593: WARNING/Worker-1] 寒门崛起更新结束。
[2018-06-08 00:15:19,596: WARNING/Worker-5] 修真聊天群更新结束。
[2018-06-08 00:15:19,819: WARNING/Worker-7] 修真聊天群更新结束。
[2018-06-08 00:15:19,841: WARNING/Worker-2] 寒门崛起更新结束。
[2018-06-08 00:15:19,909: WARNING/Worker-4] 寒门崛起更新结束。
[2018-06-08 00:15:19,909: WARNING/Worker-3] 修真聊天群更新结束。
[2018-06-08 00:15:19,939: WARNING/Worker-6] 修真聊天群更新结束。
[2018-06-08 00:15:19,949: WARNING/Worker-5] 寒门崛起更新结束。
[2018-06-08 00:15:20,110: WARNING/Worker-8] 龙王传说更新结束。
[2018-06-08 00:15:20,124: WARNING/Worker-1] 龙王传说更新结束。
[2018-06-08 00:15:20,127: WARNING/Worker-7] 寒门崛起更新结束。
[2018-06-08 00:15:20,314: WARNING/Worker-3] 寒门崛起更新结束。
[2018-06-08 00:15:20,314: WARNING/Worker-6] 寒门崛起更新结束。
[2018-06-08 00:15:20,329: WARNING/Worker-2] 龙王传说更新结束。
[2018-06-08 00:15:20,557: WARNING/Worker-4] 龙王传说更新结束。
[2018-06-08 00:15:20,569: WARNING/Worker-8] 圣墟更新结束。
[2018-06-08 00:15:20,571: WARNING/Worker-5] 龙王传说更新结束。
[2018-06-08 00:15:20,624: WARNING/Worker-7] 龙王传说更新结束。
[2018-06-08 00:15:20,653: WARNING/Worker-1] 圣墟更新结束。
[2018-06-08 00:15:20,749: WARNING/Worker-2] 圣墟更新结束。
[2018-06-08 00:15:20,785: WARNING/Worker-6] 龙王传说更新结束。
[2018-06-08 00:15:20,785: WARNING/Worker-3] 龙王传说更新结束。
[2018-06-08 00:15:20,937: WARNING/Worker-8] 放开那个女巫更新结束。
[2018-06-08 00:15:20,964: WARNING/Worker-4] 圣墟更新结束。
[2018-06-08 00:15:21,003: WARNING/Worker-5] 圣墟更新结束。
[2018-06-08 00:15:21,073: WARNING/Worker-7] 圣墟更新结束。
[2018-06-08 00:15:21,073: WARNING/Worker-1] 放开那个女巫更新结束。
[2018-06-08 00:15:21,168: WARNING/Worker-2] 放开那个女巫更新结束。
[2018-06-08 00:15:21,209: WARNING/Worker-6] 圣墟更新结束。
[2018-06-08 00:15:21,209: WARNING/Worker-3] 圣墟更新结束。
[2018-06-08 00:15:21,363: WARNING/Worker-4] 放开那个女巫更新结束。
[2018-06-08 00:15:21,394: WARNING/Worker-5] 放开那个女巫更新结束。
[2018-06-08 00:15:21,477: WARNING/Worker-7] 放开那个女巫更新结束。
[2018-06-08 00:15:21,705: WARNING/Worker-6] 放开那个女巫更新结束。
[2018-06-08 00:15:21,723: WARNING/Worker-3] 放开那个女巫更新结束。
[2018-06-08 00:15:21,917: WARNING/Worker-1] 全职法师更新结束。
[2018-06-08 00:15:21,967: WARNING/Worker-8] 全职法师更新结束。
[2018-06-08 00:15:21,987: WARNING/Worker-2] 全职法师更新结束。
[2018-06-08 00:15:22,142: WARNING/Worker-1] 神级强者在都市更新结束。
[2018-06-08 00:15:22,205: WARNING/Worker-8] 神级强者在都市更新结束。
[2018-06-08 00:15:22,234: WARNING/Worker-2] 神级强者在都市更新结束。
[2018-06-08 00:15:22,303: WARNING/Worker-1] 剑来更新结束。
[2018-06-08 00:15:22,373: WARNING/Worker-8] 剑来更新结束。
[2018-06-08 00:15:22,378: WARNING/Worker-4] 全职法师更新结束。
[2018-06-08 00:15:22,398: WARNING/Worker-2] 剑来更新结束。
[2018-06-08 00:15:22,408: WARNING/Worker-5] 全职法师更新结束。
[2018-06-08 00:15:22,430: WARNING/Worker-7] 全职法师更新结束。
[2018-06-08 00:15:22,508: WARNING/Worker-1] 大王饶命更新结束。
[2018-06-08 00:15:22,553: WARNING/Worker-8] 大王饶命更新结束。
[2018-06-08 00:15:22,653: WARNING/Worker-6] 全职法师更新结束。
[2018-06-08 00:15:22,653: WARNING/Worker-3] 全职法师更新结束。
[2018-06-08 00:15:22,665: WARNING/Worker-2] 大王饶命更新结束。
[2018-06-08 00:15:22,719: WARNING/Worker-4] 神级强者在都市更新结束。
[2018-06-08 00:15:22,728: WARNING/Worker-7] 神级强者在都市更新结束。
[2018-06-08 00:15:22,731: WARNING/Worker-5] 神级强者在都市更新结束。
[2018-06-08 00:15:22,893: WARNING/Worker-5] 剑来更新结束。
[2018-06-08 00:15:22,896: WARNING/Worker-7] 剑来更新结束。
[2018-06-08 00:15:22,901: WARNING/Worker-4] 剑来更新结束。
[2018-06-08 00:15:22,924: WARNING/Worker-6] 神级强者在都市更新结束。
[2018-06-08 00:15:22,961: WARNING/Worker-3] 神级强者在都市更新结束。
[2018-06-08 00:15:23,054: WARNING/Worker-6] 剑来更新结束。
[2018-06-08 00:15:23,059: WARNING/Worker-5] 大王饶命更新结束。
[2018-06-08 00:15:23,082: WARNING/Worker-4] 大王饶命更新结束。
[2018-06-08 00:15:23,086: WARNING/Worker-7] 大王饶命更新结束。
[2018-06-08 00:15:23,099: WARNING/Worker-1] 异常生物见闻录更新结束。
[2018-06-08 00:15:23,108: WARNING/Worker-3] 剑来更新结束。
[2018-06-08 00:15:23,197: WARNING/Worker-8] 异常生物见闻录更新结束。
[2018-06-08 00:15:23,224: WARNING/Worker-2] 异常生物见闻录更新结束。
[2018-06-08 00:15:23,235: WARNING/Worker-6] 大王饶命更新结束。
[2018-06-08 00:15:23,281: WARNING/Worker-3] 大王饶命更新结束。
[2018-06-08 00:15:23,551: WARNING/Worker-5] 异常生物见闻录更新结束。
[2018-06-08 00:15:23,702: WARNING/Worker-4] 异常生物见闻录更新结束。
[2018-06-08 00:15:23,716: WARNING/Worker-7] 异常生物见闻录更新结束。
[2018-06-08 00:15:23,741: WARNING/Worker-8] 123
[2018-06-08 00:15:23,762: WARNING/Worker-6] 异常生物见闻录更新结束。
[2018-06-08 00:15:23,765: WARNING/Worker-3] 异常生物见闻录更新结束。
[2018-06-08 00:15:23,817: WARNING/Worker-8] 宠物天王更新结束。
[2018-06-08 00:15:24,235: WARNING/Worker-8] 修真聊天群更新结束。
[2018-06-08 00:15:24,499: WARNING/Worker-8] 寒门崛起更新结束。
[2018-06-08 00:15:25,001: WARNING/Worker-8] 龙王传说更新结束。
[2018-06-08 00:15:25,304: WARNING/Worker-8] 圣墟更新结束。
[2018-06-08 00:15:25,620: WARNING/Worker-8] 放开那个女巫更新结束。
[2018-06-08 00:15:26,411: WARNING/Worker-8] 全职法师更新结束。
[2018-06-08 00:15:26,632: WARNING/Worker-8] 神级强者在都市更新结束。
[2018-06-08 00:15:26,890: WARNING/Worker-8] 剑来更新结束。
[2018-06-08 00:15:27,131: WARNING/Worker-8] 大王饶命更新结束。
[2018-06-08 00:15:27,660: WARNING/Worker-8] 异常生物见闻录更新结束。
[2018-06-08 00:15:30,769: WARNING/Worker-1] 123
[2018-06-08 00:15:30,945: WARNING/Worker-1] 宠物天王更新结束。
[2018-06-08 00:15:31,640: WARNING/Worker-1] 修真聊天群更新结束。
[2018-06-08 00:15:31,881: WARNING/Worker-1] 寒门崛起更新结束。
[2018-06-08 00:15:32,464: WARNING/Worker-1] 龙王传说更新结束。
[2018-06-08 00:15:32,899: WARNING/Worker-1] 圣墟更新结束。
[2018-06-08 00:15:33,213: WARNING/Worker-1] 放开那个女巫更新结束。
[2018-06-08 00:15:34,208: WARNING/Worker-1] 全职法师更新结束。
[2018-06-08 00:15:34,419: WARNING/Worker-1] 神级强者在都市更新结束。
[2018-06-08 00:15:34,531: WARNING/Worker-1] 剑来更新结束。
[2018-06-08 00:15:34,780: WARNING/Worker-1] 大王饶命更新结束。
[2018-06-08 00:15:35,299: WARNING/Worker-1] 异常生物见闻录更新结束。
[2018-06-08 00:17:28,661: WARNING/MainProcess] celery@zhangchenyudeMacBook-Pro.local ready.
[2018-06-08 00:17:29,359: WARNING/Worker-6] 第903章 三鲸战吕布
[2018-06-08 00:17:29,359: WARNING/Worker-5] 第903章 三鲸战吕布
[2018-06-08 00:17:29,388: WARNING/Worker-7] 第903章 三鲸战吕布
[2018-06-08 00:17:29,388: WARNING/Worker-4] 第903章 三鲸战吕布
[2018-06-08 00:17:29,392: WARNING/Worker-8] 第903章 三鲸战吕布
[2018-06-08 00:17:29,421: WARNING/Worker-3] 第903章 三鲸战吕布
[2018-06-08 00:17:29,423: WARNING/Worker-6] 宠物天王更新结束。
[2018-06-08 00:17:29,423: WARNING/Worker-6] 第903章 三鲸战吕布
[2018-06-08 00:17:29,431: WARNING/Worker-5] 宠物天王更新结束。
[2018-06-08 00:17:29,430: WARNING/Worker-1] 第903章 三鲸战吕布
[2018-06-08 00:17:29,431: WARNING/Worker-5] 第903章 三鲸战吕布
[2018-06-08 00:17:29,434: WARNING/Worker-2] 第903章 三鲸战吕布
[2018-06-08 00:17:29,457: WARNING/Worker-7] 宠物天王更新结束。
[2018-06-08 00:17:29,457: WARNING/Worker-4] 宠物天王更新结束。
[2018-06-08 00:17:29,457: WARNING/Worker-7] 第903章 三鲸战吕布
[2018-06-08 00:17:29,457: WARNING/Worker-4] 第903章 三鲸战吕布
[2018-06-08 00:17:29,476: WARNING/Worker-8] 宠物天王更新结束。
[2018-06-08 00:17:29,477: WARNING/Worker-8] 第903章 三鲸战吕布
[2018-06-08 00:17:29,493: WARNING/Worker-3] 宠物天王更新结束。
[2018-06-08 00:17:29,493: WARNING/Worker-3] 第903章 三鲸战吕布
[2018-06-08 00:17:29,511: WARNING/Worker-1] 宠物天王更新结束。
[2018-06-08 00:17:29,511: WARNING/Worker-1] 第903章 三鲸战吕布
[2018-06-08 00:17:29,515: WARNING/Worker-2] 宠物天王更新结束。
[2018-06-08 00:17:29,515: WARNING/Worker-2] 第903章 三鲸战吕布
[2018-06-08 00:17:30,201: WARNING/Worker-3] 1
[2018-06-08 00:17:30,201: WARNING/Worker-8] 1
[2018-06-08 00:17:30,202: WARNING/Worker-6] 1
[2018-06-08 00:17:30,202: WARNING/Worker-5] 1
[2018-06-08 00:17:30,215: WARNING/Worker-7] 1
[2018-06-08 00:17:30,256: WARNING/Worker-4] 1
[2018-06-08 00:17:30,308: WARNING/Worker-2] 1
[2018-06-08 00:17:30,371: WARNING/Worker-1] 1
[2018-06-08 00:17:31,053: WARNING/Worker-2] 修真聊天群更新结束。
[2018-06-08 00:17:31,054: WARNING/Worker-2] 0
[2018-06-08 00:17:31,054: WARNING/Worker-7] 修真聊天群更新结束。
[2018-06-08 00:17:31,055: WARNING/Worker-7] 0
[2018-06-08 00:17:31,067: WARNING/Worker-4] 修真聊天群更新结束。
[2018-06-08 00:17:31,068: WARNING/Worker-4] 0
[2018-06-08 00:17:31,075: WARNING/Worker-5] 修真聊天群更新结束。
[2018-06-08 00:17:31,076: WARNING/Worker-5] 0
[2018-06-08 00:17:31,079: WARNING/Worker-8] 修真聊天群更新结束。
[2018-06-08 00:17:31,080: WARNING/Worker-8] 0
[2018-06-08 00:17:31,083: WARNING/Worker-3] 修真聊天群更新结束。
[2018-06-08 00:17:31,083: WARNING/Worker-3] 0
[2018-06-08 00:17:31,086: WARNING/Worker-6] 修真聊天群更新结束。
[2018-06-08 00:17:31,086: WARNING/Worker-6] 0
[2018-06-08 00:17:31,087: WARNING/Worker-1] 修真聊天群更新结束。
[2018-06-08 00:17:31,087: WARNING/Worker-1] 0
[2018-06-08 00:17:31,370: WARNING/Worker-7] 寒门崛起更新结束。
[2018-06-08 00:17:31,371: WARNING/Worker-7] 0
[2018-06-08 00:17:31,383: WARNING/Worker-2] 寒门崛起更新结束。
[2018-06-08 00:17:31,383: WARNING/Worker-2] 0
[2018-06-08 00:17:31,386: WARNING/Worker-4] 寒门崛起更新结束。
[2018-06-08 00:17:31,386: WARNING/Worker-4] 0
[2018-06-08 00:17:31,392: WARNING/Worker-5] 寒门崛起更新结束。
[2018-06-08 00:17:31,392: WARNING/Worker-5] 0
[2018-06-08 00:17:31,393: WARNING/Worker-3] 寒门崛起更新结束。
[2018-06-08 00:17:31,394: WARNING/Worker-3] 0
[2018-06-08 00:17:31,399: WARNING/Worker-6] 寒门崛起更新结束。
[2018-06-08 00:17:31,400: WARNING/Worker-6] 0
[2018-06-08 00:17:31,400: WARNING/Worker-8] 寒门崛起更新结束。
[2018-06-08 00:17:31,401: WARNING/Worker-8] 0
[2018-06-08 00:17:31,418: WARNING/Worker-1] 寒门崛起更新结束。
[2018-06-08 00:17:31,419: WARNING/Worker-1] 0
[2018-06-08 00:17:32,101: WARNING/Worker-3] 龙王传说更新结束。
[2018-06-08 00:17:32,107: WARNING/Worker-3] 0
[2018-06-08 00:17:32,107: WARNING/Worker-7] 龙王传说更新结束。
[2018-06-08 00:17:32,108: WARNING/Worker-7] 0
[2018-06-08 00:17:32,112: WARNING/Worker-6] 龙王传说更新结束。
[2018-06-08 00:17:32,113: WARNING/Worker-6] 0
[2018-06-08 00:17:32,114: WARNING/Worker-5] 龙王传说更新结束。
[2018-06-08 00:17:32,114: WARNING/Worker-2] 龙王传说更新结束。
[2018-06-08 00:17:32,114: WARNING/Worker-5] 0
[2018-06-08 00:17:32,115: WARNING/Worker-2] 0
[2018-06-08 00:17:32,116: WARNING/Worker-8] 龙王传说更新结束。
[2018-06-08 00:17:32,117: WARNING/Worker-8] 0
[2018-06-08 00:17:32,117: WARNING/Worker-4] 龙王传说更新结束。
[2018-06-08 00:17:32,118: WARNING/Worker-4] 0
[2018-06-08 00:17:32,118: WARNING/Worker-1] 龙王传说更新结束。
[2018-06-08 00:17:32,118: WARNING/Worker-1] 0
[2018-06-08 00:17:32,532: WARNING/Worker-3] 圣墟更新结束。
[2018-06-08 00:17:32,533: WARNING/Worker-3] 0
[2018-06-08 00:17:32,593: WARNING/Worker-7] 圣墟更新结束。
[2018-06-08 00:17:32,594: WARNING/Worker-7] 0
[2018-06-08 00:17:32,604: WARNING/Worker-5] 圣墟更新结束。
[2018-06-08 00:17:32,605: WARNING/Worker-5] 0
[2018-06-08 00:17:32,611: WARNING/Worker-2] 圣墟更新结束。
[2018-06-08 00:17:32,612: WARNING/Worker-2] 0
[2018-06-08 00:17:32,650: WARNING/Worker-8] 圣墟更新结束。
[2018-06-08 00:17:32,651: WARNING/Worker-8] 0
[2018-06-08 00:17:32,661: WARNING/Worker-1] 圣墟更新结束。
[2018-06-08 00:17:32,661: WARNING/Worker-1] 0
[2018-06-08 00:17:32,671: WARNING/Worker-4] 圣墟更新结束。
[2018-06-08 00:17:32,671: WARNING/Worker-4] 0
[2018-06-08 00:17:32,692: WARNING/Worker-6] 圣墟更新结束。
[2018-06-08 00:17:32,692: WARNING/Worker-6] 0
[2018-06-08 00:17:32,962: WARNING/Worker-5] 放开那个女巫更新结束。
[2018-06-08 00:17:32,962: WARNING/Worker-5] 0
[2018-06-08 00:17:32,965: WARNING/Worker-3] 放开那个女巫更新结束。
[2018-06-08 00:17:32,965: WARNING/Worker-3] 0
[2018-06-08 00:17:32,969: WARNING/Worker-2] 放开那个女巫更新结束。
[2018-06-08 00:17:32,969: WARNING/Worker-2] 0
[2018-06-08 00:17:32,970: WARNING/Worker-7] 放开那个女巫更新结束。
[2018-06-08 00:17:32,970: WARNING/Worker-7] 0
[2018-06-08 00:17:32,992: WARNING/Worker-8] 放开那个女巫更新结束。
[2018-06-08 00:17:32,992: WARNING/Worker-8] 0
[2018-06-08 00:17:32,999: WARNING/Worker-1] 放开那个女巫更新结束。
[2018-06-08 00:17:32,999: WARNING/Worker-1] 0
[2018-06-08 00:17:33,022: WARNING/Worker-4] 放开那个女巫更新结束。
[2018-06-08 00:17:33,023: WARNING/Worker-4] 0
[2018-06-08 00:17:33,028: WARNING/Worker-6] 放开那个女巫更新结束。
[2018-06-08 00:17:33,028: WARNING/Worker-6] 0
[2018-06-08 00:17:34,281: WARNING/Worker-4] 全职法师更新结束。
[2018-06-08 00:17:34,282: WARNING/Worker-4] 0
[2018-06-08 00:17:34,319: WARNING/Worker-1] 全职法师更新结束。
[2018-06-08 00:17:34,319: WARNING/Worker-1] 0
[2018-06-08 00:17:34,331: WARNING/Worker-8] 全职法师更新结束。
[2018-06-08 00:17:34,332: WARNING/Worker-8] 0
[2018-06-08 00:17:34,333: WARNING/Worker-6] 全职法师更新结束。
[2018-06-08 00:17:34,333: WARNING/Worker-6] 0
[2018-06-08 00:17:34,359: WARNING/Worker-5] 全职法师更新结束。
[2018-06-08 00:17:34,360: WARNING/Worker-5] 0
[2018-06-08 00:17:34,369: WARNING/Worker-7] 全职法师更新结束。
[2018-06-08 00:17:34,369: WARNING/Worker-7] 0
[2018-06-08 00:17:34,384: WARNING/Worker-3] 全职法师更新结束。
[2018-06-08 00:17:34,384: WARNING/Worker-2] 全职法师更新结束。
[2018-06-08 00:17:34,385: WARNING/Worker-3] 0
[2018-06-08 00:17:34,385: WARNING/Worker-2] 0
[2018-06-08 00:17:34,666: WARNING/Worker-6] 神级强者在都市更新结束。
[2018-06-08 00:17:34,666: WARNING/Worker-6] 0
[2018-06-08 00:17:34,671: WARNING/Worker-3] 神级强者在都市更新结束。
[2018-06-08 00:17:34,671: WARNING/Worker-3] 0
[2018-06-08 00:17:34,673: WARNING/Worker-7] 神级强者在都市更新结束。
[2018-06-08 00:17:34,673: WARNING/Worker-5] 神级强者在都市更新结束。
[2018-06-08 00:17:34,673: WARNING/Worker-7] 0
[2018-06-08 00:17:34,673: WARNING/Worker-5] 0
[2018-06-08 00:17:34,678: WARNING/Worker-8] 神级强者在都市更新结束。
[2018-06-08 00:17:34,678: WARNING/Worker-8] 0
[2018-06-08 00:17:34,683: WARNING/Worker-4] 神级强者在都市更新结束。
[2018-06-08 00:17:34,683: WARNING/Worker-4] 0
[2018-06-08 00:17:34,685: WARNING/Worker-1] 神级强者在都市更新结束。
[2018-06-08 00:17:34,685: WARNING/Worker-1] 0
[2018-06-08 00:17:34,695: WARNING/Worker-2] 神级强者在都市更新结束。
[2018-06-08 00:17:34,695: WARNING/Worker-2] 0
[2018-06-08 00:17:35,055: WARNING/Worker-5] 剑来更新结束。
[2018-06-08 00:17:35,055: WARNING/Worker-5] 0
[2018-06-08 00:17:35,059: WARNING/Worker-3] 剑来更新结束。
[2018-06-08 00:17:35,060: WARNING/Worker-3] 0
[2018-06-08 00:17:35,064: WARNING/Worker-4] 剑来更新结束。
[2018-06-08 00:17:35,064: WARNING/Worker-4] 0
[2018-06-08 00:17:35,065: WARNING/Worker-2] 剑来更新结束。
[2018-06-08 00:17:35,065: WARNING/Worker-2] 0
[2018-06-08 00:17:35,065: WARNING/Worker-7] 剑来更新结束。
[2018-06-08 00:17:35,066: WARNING/Worker-7] 0
[2018-06-08 00:17:35,070: WARNING/Worker-6] 剑来更新结束。
[2018-06-08 00:17:35,070: WARNING/Worker-8] 剑来更新结束。
[2018-06-08 00:17:35,071: WARNING/Worker-6] 0
[2018-06-08 00:17:35,071: WARNING/Worker-8] 0
[2018-06-08 00:17:35,074: WARNING/Worker-1] 剑来更新结束。
[2018-06-08 00:17:35,074: WARNING/Worker-1] 0
[2018-06-08 00:17:35,377: WARNING/Worker-6] 大王饶命更新结束。
[2018-06-08 00:17:35,377: WARNING/Worker-6] 0
[2018-06-08 00:17:35,381: WARNING/Worker-8] 大王饶命更新结束。
[2018-06-08 00:17:35,381: WARNING/Worker-8] 0
[2018-06-08 00:17:35,383: WARNING/Worker-5] 大王饶命更新结束。
[2018-06-08 00:17:35,383: WARNING/Worker-4] 大王饶命更新结束。
[2018-06-08 00:17:35,383: WARNING/Worker-5] 0
[2018-06-08 00:17:35,383: WARNING/Worker-4] 0
[2018-06-08 00:17:35,384: WARNING/Worker-7] 大王饶命更新结束。
[2018-06-08 00:17:35,385: WARNING/Worker-7] 0
[2018-06-08 00:17:35,389: WARNING/Worker-2] 大王饶命更新结束。
[2018-06-08 00:17:35,389: WARNING/Worker-1] 大王饶命更新结束。
[2018-06-08 00:17:35,389: WARNING/Worker-2] 0
[2018-06-08 00:17:35,389: WARNING/Worker-1] 0
[2018-06-08 00:17:35,391: WARNING/Worker-3] 大王饶命更新结束。
[2018-06-08 00:17:35,391: WARNING/Worker-3] 0
[2018-06-08 00:17:36,249: WARNING/Worker-7] 异常生物见闻录更新结束。
[2018-06-08 00:17:36,249: WARNING/Worker-7] 0
[2018-06-08 00:17:36,253: WARNING/Worker-1] 异常生物见闻录更新结束。
[2018-06-08 00:17:36,253: WARNING/Worker-1] 0
[2018-06-08 00:17:36,255: WARNING/Worker-5] 异常生物见闻录更新结束。
[2018-06-08 00:17:36,255: WARNING/Worker-5] 0
[2018-06-08 00:17:36,258: WARNING/Worker-2] 异常生物见闻录更新结束。
[2018-06-08 00:17:36,258: WARNING/Worker-2] 0
[2018-06-08 00:17:36,261: WARNING/Worker-6] 异常生物见闻录更新结束。
[2018-06-08 00:17:36,261: WARNING/Worker-6] 0
[2018-06-08 00:17:36,264: WARNING/Worker-3] 异常生物见闻录更新结束。
[2018-06-08 00:17:36,265: WARNING/Worker-3] 0
[2018-06-08 00:17:36,269: WARNING/Worker-8] 异常生物见闻录更新结束。
[2018-06-08 00:17:36,269: WARNING/Worker-8] 0
[2018-06-08 00:17:36,274: WARNING/Worker-4] 异常生物见闻录更新结束。
[2018-06-08 00:17:36,274: WARNING/Worker-4] 0
[2018-06-08 00:17:36,705: WARNING/Worker-4] 宠物天王更新结束。
[2018-06-08 00:17:36,705: WARNING/Worker-4] 0
[2018-06-08 00:17:36,705: WARNING/Worker-2] 宠物天王更新结束。
[2018-06-08 00:17:36,706: WARNING/Worker-2] 0
[2018-06-08 00:17:36,715: WARNING/Worker-5] 宠物天王更新结束。
[2018-06-08 00:17:36,715: WARNING/Worker-5] 0
[2018-06-08 00:17:36,717: WARNING/Worker-1] 宠物天王更新结束。
[2018-06-08 00:17:36,717: WARNING/Worker-1] 0
[2018-06-08 00:17:36,723: WARNING/Worker-8] 宠物天王更新结束。
[2018-06-08 00:17:36,723: WARNING/Worker-3] 宠物天王更新结束。
[2018-06-08 00:17:36,724: WARNING/Worker-8] 0
[2018-06-08 00:17:36,724: WARNING/Worker-3] 0
[2018-06-08 00:17:37,153: WARNING/Worker-4] 修真聊天群更新结束。
[2018-06-08 00:17:37,154: WARNING/Worker-4] 0
[2018-06-08 00:17:37,301: WARNING/Worker-8] 修真聊天群更新结束。
[2018-06-08 00:17:37,301: WARNING/Worker-8] 0
[2018-06-08 00:17:37,303: WARNING/Worker-1] 修真聊天群更新结束。
[2018-06-08 00:17:37,303: WARNING/Worker-1] 0
[2018-06-08 00:17:37,321: WARNING/Worker-3] 修真聊天群更新结束。
[2018-06-08 00:17:37,321: WARNING/Worker-3] 0
[2018-06-08 00:17:37,344: WARNING/Worker-5] 修真聊天群更新结束。
[2018-06-08 00:17:37,344: WARNING/Worker-5] 0
[2018-06-08 00:17:37,412: WARNING/Worker-4] 寒门崛起更新结束。
[2018-06-08 00:17:37,412: WARNING/Worker-4] 0
[2018-06-08 00:17:37,431: WARNING/Worker-2] 修真聊天群更新结束。
[2018-06-08 00:17:37,431: WARNING/Worker-2] 0
[2018-06-08 00:17:37,535: WARNING/Worker-8] 寒门崛起更新结束。
[2018-06-08 00:17:37,536: WARNING/Worker-8] 0
[2018-06-08 00:17:37,548: WARNING/Worker-1] 寒门崛起更新结束。
[2018-06-08 00:17:37,548: WARNING/Worker-1] 0
[2018-06-08 00:17:37,562: WARNING/Worker-3] 寒门崛起更新结束。
[2018-06-08 00:17:37,562: WARNING/Worker-3] 0
[2018-06-08 00:17:37,601: WARNING/Worker-5] 寒门崛起更新结束。
[2018-06-08 00:17:37,602: WARNING/Worker-5] 0
[2018-06-08 00:17:37,729: WARNING/Worker-2] 寒门崛起更新结束。
[2018-06-08 00:17:37,730: WARNING/Worker-2] 0
[2018-06-08 00:17:37,868: WARNING/Worker-4] 龙王传说更新结束。
[2018-06-08 00:17:37,868: WARNING/Worker-4] 0
[2018-06-08 00:17:37,998: WARNING/Worker-8] 龙王传说更新结束。
[2018-06-08 00:17:37,999: WARNING/Worker-8] 0
[2018-06-08 00:17:38,038: WARNING/Worker-3] 龙王传说更新结束。
[2018-06-08 00:17:38,038: WARNING/Worker-1] 龙王传说更新结束。
[2018-06-08 00:17:38,038: WARNING/Worker-3] 0
[2018-06-08 00:17:38,038: WARNING/Worker-1] 0
[2018-06-08 00:17:38,139: WARNING/Worker-5] 龙王传说更新结束。
[2018-06-08 00:17:38,139: WARNING/Worker-5] 0
[2018-06-08 00:17:38,214: WARNING/Worker-2] 龙王传说更新结束。
[2018-06-08 00:17:38,214: WARNING/Worker-2] 0
[2018-06-08 00:17:38,248: WARNING/Worker-4] 圣墟更新结束。
[2018-06-08 00:17:38,248: WARNING/Worker-4] 0
[2018-06-08 00:17:38,501: WARNING/Worker-8] 圣墟更新结束。
[2018-06-08 00:17:38,502: WARNING/Worker-8] 0
[2018-06-08 00:17:38,531: WARNING/Worker-3] 圣墟更新结束。
[2018-06-08 00:17:38,531: WARNING/Worker-3] 0
[2018-06-08 00:17:38,535: WARNING/Worker-5] 圣墟更新结束。
[2018-06-08 00:17:38,535: WARNING/Worker-5] 0
[2018-06-08 00:17:38,540: WARNING/Worker-1] 圣墟更新结束。
[2018-06-08 00:17:38,540: WARNING/Worker-1] 0
[2018-06-08 00:17:38,586: WARNING/Worker-4] 放开那个女巫更新结束。
[2018-06-08 00:17:38,586: WARNING/Worker-4] 0
[2018-06-08 00:17:38,636: WARNING/Worker-2] 圣墟更新结束。
[2018-06-08 00:17:38,637: WARNING/Worker-2] 0
[2018-06-08 00:17:38,889: WARNING/Worker-8] 放开那个女巫更新结束。
[2018-06-08 00:17:38,890: WARNING/Worker-8] 0
[2018-06-08 00:17:38,911: WARNING/Worker-5] 放开那个女巫更新结束。
[2018-06-08 00:17:38,911: WARNING/Worker-5] 0
[2018-06-08 00:17:38,918: WARNING/Worker-1] 放开那个女巫更新结束。
[2018-06-08 00:17:38,918: WARNING/Worker-1] 0
[2018-06-08 00:17:38,918: WARNING/Worker-3] 放开那个女巫更新结束。
[2018-06-08 00:17:38,919: WARNING/Worker-3] 0
[2018-06-08 00:17:38,970: WARNING/Worker-2] 放开那个女巫更新结束。
[2018-06-08 00:17:38,971: WARNING/Worker-2] 0
[2018-06-08 00:17:39,339: WARNING/Worker-4] 全职法师更新结束。
[2018-06-08 00:17:39,340: WARNING/Worker-4] 0
[2018-06-08 00:17:39,553: WARNING/Worker-4] 神级强者在都市更新结束。
[2018-06-08 00:17:39,553: WARNING/Worker-4] 0
[2018-06-08 00:17:39,600: WARNING/Worker-8] 全职法师更新结束。
[2018-06-08 00:17:39,600: WARNING/Worker-8] 0
[2018-06-08 00:17:39,685: WARNING/Worker-5] 全职法师更新结束。
[2018-06-08 00:17:39,685: WARNING/Worker-5] 0
[2018-06-08 00:17:39,686: WARNING/Worker-3] 全职法师更新结束。
[2018-06-08 00:17:39,686: WARNING/Worker-3] 0
[2018-06-08 00:17:39,688: WARNING/Worker-1] 全职法师更新结束。
[2018-06-08 00:17:39,689: WARNING/Worker-1] 0
[2018-06-08 00:17:39,694: WARNING/Worker-4] 剑来更新结束。
[2018-06-08 00:17:39,694: WARNING/Worker-4] 0
[2018-06-08 00:17:39,721: WARNING/Worker-2] 全职法师更新结束。
[2018-06-08 00:17:39,721: WARNING/Worker-2] 0
[2018-06-08 00:17:39,813: WARNING/Worker-8] 神级强者在都市更新结束。
[2018-06-08 00:17:39,814: WARNING/Worker-8] 0
[2018-06-08 00:17:39,833: WARNING/Worker-4] 大王饶命更新结束。
[2018-06-08 00:17:39,833: WARNING/Worker-4] 0
[2018-06-08 00:17:39,879: WARNING/Worker-1] 神级强者在都市更新结束。
[2018-06-08 00:17:39,879: WARNING/Worker-1] 0
[2018-06-08 00:17:39,885: WARNING/Worker-3] 神级强者在都市更新结束。
[2018-06-08 00:17:39,885: WARNING/Worker-5] 神级强者在都市更新结束。
[2018-06-08 00:17:39,885: WARNING/Worker-3] 0
[2018-06-08 00:17:39,885: WARNING/Worker-5] 0
[2018-06-08 00:17:39,941: WARNING/Worker-2] 神级强者在都市更新结束。
[2018-06-08 00:17:39,941: WARNING/Worker-2] 0
[2018-06-08 00:17:39,961: WARNING/Worker-8] 剑来更新结束。
[2018-06-08 00:17:39,961: WARNING/Worker-8] 0
[2018-06-08 00:17:40,007: WARNING/Worker-3] 剑来更新结束。
[2018-06-08 00:17:40,007: WARNING/Worker-3] 0
[2018-06-08 00:17:40,015: WARNING/Worker-1] 剑来更新结束。
[2018-06-08 00:17:40,016: WARNING/Worker-1] 0
[2018-06-08 00:17:40,017: WARNING/Worker-5] 剑来更新结束。
[2018-06-08 00:17:40,018: WARNING/Worker-5] 0
[2018-06-08 00:17:40,068: WARNING/Worker-2] 剑来更新结束。
[2018-06-08 00:17:40,069: WARNING/Worker-2] 0
[2018-06-08 00:17:40,234: WARNING/Worker-8] 大王饶命更新结束。
[2018-06-08 00:17:40,234: WARNING/Worker-8] 0
[2018-06-08 00:17:40,277: WARNING/Worker-5] 大王饶命更新结束。
[2018-06-08 00:17:40,277: WARNING/Worker-5] 0
[2018-06-08 00:17:40,279: WARNING/Worker-1] 大王饶命更新结束。
[2018-06-08 00:17:40,279: WARNING/Worker-1] 0
[2018-06-08 00:17:40,304: WARNING/Worker-2] 大王饶命更新结束。
[2018-06-08 00:17:40,304: WARNING/Worker-3] 大王饶命更新结束。
[2018-06-08 00:17:40,304: WARNING/Worker-2] 0
[2018-06-08 00:17:40,304: WARNING/Worker-3] 0
[2018-06-08 00:17:40,306: WARNING/Worker-4] 异常生物见闻录更新结束。
[2018-06-08 00:17:40,306: WARNING/Worker-4] 0
[2018-06-08 00:17:40,734: WARNING/Worker-8] 异常生物见闻录更新结束。
[2018-06-08 00:17:40,735: WARNING/Worker-8] 0
[2018-06-08 00:17:40,772: WARNING/Worker-5] 异常生物见闻录更新结束。
[2018-06-08 00:17:40,772: WARNING/Worker-5] 0
[2018-06-08 00:17:40,785: WARNING/Worker-1] 异常生物见闻录更新结束。
[2018-06-08 00:17:40,785: WARNING/Worker-1] 0
[2018-06-08 00:17:40,838: WARNING/Worker-2] 异常生物见闻录更新结束。
[2018-06-08 00:17:40,838: WARNING/Worker-2] 0
[2018-06-08 00:17:40,855: WARNING/Worker-3] 异常生物见闻录更新结束。
[2018-06-08 00:17:40,856: WARNING/Worker-3] 0
[2018-06-08 00:17:41,336: WARNING/Worker-6] 宠物天王更新结束。
[2018-06-08 00:17:41,337: WARNING/Worker-6] 0
[2018-06-08 00:17:41,715: WARNING/Worker-6] 修真聊天群更新结束。
[2018-06-08 00:17:41,716: WARNING/Worker-6] 0
[2018-06-08 00:17:41,961: WARNING/Worker-6] 寒门崛起更新结束。
[2018-06-08 00:17:41,962: WARNING/Worker-6] 0
[2018-06-08 00:17:42,390: WARNING/Worker-6] 龙王传说更新结束。
[2018-06-08 00:17:42,390: WARNING/Worker-6] 0
[2018-06-08 00:17:42,710: WARNING/Worker-6] 圣墟更新结束。
[2018-06-08 00:17:42,711: WARNING/Worker-6] 0
[2018-06-08 00:17:43,000: WARNING/Worker-6] 放开那个女巫更新结束。
[2018-06-08 00:17:43,000: WARNING/Worker-6] 0
[2018-06-08 00:17:43,901: WARNING/Worker-6] 全职法师更新结束。
[2018-06-08 00:17:43,902: WARNING/Worker-6] 0
[2018-06-08 00:17:44,091: WARNING/Worker-6] 神级强者在都市更新结束。
[2018-06-08 00:17:44,092: WARNING/Worker-6] 0
[2018-06-08 00:17:44,427: WARNING/Worker-6] 剑来更新结束。
[2018-06-08 00:17:44,428: WARNING/Worker-6] 0
[2018-06-08 00:17:44,555: WARNING/Worker-6] 大王饶命更新结束。
[2018-06-08 00:17:44,555: WARNING/Worker-6] 0
[2018-06-08 00:17:44,963: WARNING/Worker-6] 异常生物见闻录更新结束。
[2018-06-08 00:17:44,964: WARNING/Worker-6] 0
[2018-06-08 00:17:51,325: WARNING/Worker-7] 宠物天王更新结束。
[2018-06-08 00:17:51,325: WARNING/Worker-7] 0
[2018-06-08 00:17:51,728: WARNING/Worker-7] 修真聊天群更新结束。
[2018-06-08 00:17:51,729: WARNING/Worker-7] 0
[2018-06-08 00:17:51,950: WARNING/Worker-7] 寒门崛起更新结束。
[2018-06-08 00:17:51,950: WARNING/Worker-7] 0
[2018-06-08 00:17:52,290: WARNING/Worker-7] 龙王传说更新结束。
[2018-06-08 00:17:52,291: WARNING/Worker-7] 0
[2018-06-08 00:17:52,651: WARNING/Worker-7] 圣墟更新结束。
[2018-06-08 00:17:52,652: WARNING/Worker-7] 0
[2018-06-08 00:17:52,906: WARNING/Worker-7] 放开那个女巫更新结束。
[2018-06-08 00:17:52,907: WARNING/Worker-7] 0
[2018-06-08 00:17:53,472: WARNING/Worker-7] 全职法师更新结束。
[2018-06-08 00:17:53,473: WARNING/Worker-7] 0
[2018-06-08 00:17:53,685: WARNING/Worker-7] 神级强者在都市更新结束。
[2018-06-08 00:17:53,685: WARNING/Worker-7] 0
[2018-06-08 00:17:53,790: WARNING/Worker-7] 剑来更新结束。
[2018-06-08 00:17:53,791: WARNING/Worker-7] 0
[2018-06-08 00:17:53,924: WARNING/Worker-7] 大王饶命更新结束。
[2018-06-08 00:17:53,925: WARNING/Worker-7] 0
[2018-06-08 00:17:54,328: WARNING/Worker-7] 异常生物见闻录更新结束。
[2018-06-08 00:17:54,329: WARNING/Worker-7] 0
[2018-06-08 00:18:01,557: WARNING/Worker-8] 宠物天王更新结束。
[2018-06-08 00:18:01,557: WARNING/Worker-8] 0
[2018-06-08 00:18:02,041: WARNING/Worker-8] 修真聊天群更新结束。
[2018-06-08 00:18:02,046: WARNING/Worker-8] 0
[2018-06-08 00:18:02,547: WARNING/Worker-8] 寒门崛起更新结束。
[2018-06-08 00:18:02,547: WARNING/Worker-8] 0
[2018-06-08 00:18:02,923: WARNING/Worker-8] 龙王传说更新结束。
[2018-06-08 00:18:02,923: WARNING/Worker-8] 0
[2018-06-08 00:18:03,414: WARNING/Worker-8] 圣墟更新结束。
[2018-06-08 00:18:03,414: WARNING/Worker-8] 0
[2018-06-08 00:18:03,859: WARNING/Worker-8] 放开那个女巫更新结束。
[2018-06-08 00:18:03,859: WARNING/Worker-8] 0
[2018-06-08 00:18:04,415: WARNING/Worker-8] 全职法师更新结束。
[2018-06-08 00:18:04,415: WARNING/Worker-8] 0
[2018-06-08 00:18:04,593: WARNING/Worker-8] 神级强者在都市更新结束。
[2018-06-08 00:18:04,594: WARNING/Worker-8] 0
[2018-06-08 00:18:04,708: WARNING/Worker-8] 剑来更新结束。
[2018-06-08 00:18:04,709: WARNING/Worker-8] 0
[2018-06-08 00:18:04,840: WARNING/Worker-8] 大王饶命更新结束。
[2018-06-08 00:18:04,841: WARNING/Worker-8] 0
[2018-06-08 00:18:05,224: WARNING/Worker-8] 异常生物见闻录更新结束。
[2018-06-08 00:18:05,225: WARNING/Worker-8] 0
[2018-06-08 00:18:06,792: WARNING/Worker-1] 宠物天王更新结束。
[2018-06-08 00:18:06,792: WARNING/Worker-1] 0
[2018-06-08 00:18:07,164: WARNING/Worker-1] 修真聊天群更新结束。
[2018-06-08 00:18:07,165: WARNING/Worker-1] 0
[2018-06-08 00:18:07,480: WARNING/Worker-1] 寒门崛起更新结束。
[2018-06-08 00:18:07,480: WARNING/Worker-1] 0
[2018-06-08 00:18:07,822: WARNING/Worker-1] 龙王传说更新结束。
[2018-06-08 00:18:07,823: WARNING/Worker-1] 0
[2018-06-08 00:18:08,149: WARNING/Worker-1] 圣墟更新结束。
[2018-06-08 00:18:08,150: WARNING/Worker-1] 0
[2018-06-08 00:18:08,418: WARNING/Worker-1] 放开那个女巫更新结束。
[2018-06-08 00:18:08,419: WARNING/Worker-1] 0
[2018-06-08 00:18:08,958: WARNING/Worker-1] 全职法师更新结束。
[2018-06-08 00:18:08,958: WARNING/Worker-1] 0
[2018-06-08 00:18:09,150: WARNING/Worker-1] 神级强者在都市更新结束。
[2018-06-08 00:18:09,151: WARNING/Worker-1] 0
[2018-06-08 00:18:09,258: WARNING/Worker-1] 剑来更新结束。
[2018-06-08 00:18:09,258: WARNING/Worker-1] 0
[2018-06-08 00:18:09,469: WARNING/Worker-1] 大王饶命更新结束。
[2018-06-08 00:18:09,470: WARNING/Worker-1] 0
[2018-06-08 00:18:09,842: WARNING/Worker-1] 异常生物见闻录更新结束。
[2018-06-08 00:18:09,843: WARNING/Worker-1] 0
[2018-06-08 00:18:11,703: WARNING/Worker-2] 宠物天王更新结束。
[2018-06-08 00:18:11,703: WARNING/Worker-2] 0
[2018-06-08 00:18:12,056: WARNING/Worker-2] 修真聊天群更新结束。
[2018-06-08 00:18:12,057: WARNING/Worker-2] 0
[2018-06-08 00:18:12,301: WARNING/Worker-2] 寒门崛起更新结束。
[2018-06-08 00:18:12,302: WARNING/Worker-2] 0
[2018-06-08 00:18:12,640: WARNING/Worker-2] 龙王传说更新结束。
[2018-06-08 00:18:12,641: WARNING/Worker-2] 0
[2018-06-08 00:18:12,982: WARNING/Worker-2] 圣墟更新结束。
[2018-06-08 00:18:12,983: WARNING/Worker-2] 0
[2018-06-08 00:18:13,264: WARNING/Worker-2] 放开那个女巫更新结束。
[2018-06-08 00:18:13,264: WARNING/Worker-2] 0
[2018-06-08 00:18:14,060: WARNING/Worker-2] 全职法师更新结束。
[2018-06-08 00:18:14,061: WARNING/Worker-2] 0
[2018-06-08 00:18:14,230: WARNING/Worker-2] 神级强者在都市更新结束。
[2018-06-08 00:18:14,231: WARNING/Worker-2] 0
[2018-06-08 00:18:14,381: WARNING/Worker-2] 剑来更新结束。
[2018-06-08 00:18:14,382: WARNING/Worker-2] 0
[2018-06-08 00:18:14,515: WARNING/Worker-2] 大王饶命更新结束。
[2018-06-08 00:18:14,516: WARNING/Worker-2] 0
[2018-06-08 00:18:14,997: WARNING/Worker-2] 异常生物见闻录更新结束。
[2018-06-08 00:18:14,997: WARNING/Worker-2] 0
[2018-06-08 00:18:21,656: WARNING/Worker-3] 宠物天王更新结束。
[2018-06-08 00:18:21,656: WARNING/Worker-3] 0
[2018-06-08 00:18:22,052: WARNING/Worker-3] 修真聊天群更新结束。
[2018-06-08 00:18:22,053: WARNING/Worker-3] 0
[2018-06-08 00:18:22,283: WARNING/Worker-3] 寒门崛起更新结束。
[2018-06-08 00:18:22,283: WARNING/Worker-3] 0
[2018-06-08 00:18:22,680: WARNING/Worker-3] 龙王传说更新结束。
[2018-06-08 00:18:22,681: WARNING/Worker-3] 0
[2018-06-08 00:18:23,057: WARNING/Worker-3] 圣墟更新结束。
[2018-06-08 00:18:23,057: WARNING/Worker-3] 0
[2018-06-08 00:18:23,336: WARNING/Worker-3] 放开那个女巫更新结束。
[2018-06-08 00:18:23,336: WARNING/Worker-3] 0
[2018-06-08 00:18:24,044: WARNING/Worker-3] 全职法师更新结束。
[2018-06-08 00:18:24,045: WARNING/Worker-3] 0
[2018-06-08 00:18:24,234: WARNING/Worker-3] 神级强者在都市更新结束。
[2018-06-08 00:18:24,235: WARNING/Worker-3] 0
[2018-06-08 00:18:24,406: WARNING/Worker-3] 剑来更新结束。
[2018-06-08 00:18:24,406: WARNING/Worker-3] 0
[2018-06-08 00:18:24,560: WARNING/Worker-3] 大王饶命更新结束。
[2018-06-08 00:18:24,561: WARNING/Worker-3] 0
[2018-06-08 00:18:24,981: WARNING/Worker-3] 异常生物见闻录更新结束。
[2018-06-08 00:18:24,981: WARNING/Worker-3] 0
[2018-06-08 00:18:31,749: WARNING/Worker-4] 宠物天王更新结束。
[2018-06-08 00:18:31,750: WARNING/Worker-4] 0
[2018-06-08 00:18:32,307: WARNING/Worker-4] 修真聊天群更新结束。
[2018-06-08 00:18:32,316: WARNING/Worker-4] 0
[2018-06-08 00:18:32,653: WARNING/Worker-4] 寒门崛起更新结束。
[2018-06-08 00:18:32,654: WARNING/Worker-4] 0
[2018-06-08 00:18:33,028: WARNING/Worker-4] 龙王传说更新结束。
[2018-06-08 00:18:33,029: WARNING/Worker-4] 0
[2018-06-08 00:18:33,329: WARNING/Worker-4] 圣墟更新结束。
[2018-06-08 00:18:33,330: WARNING/Worker-4] 0
[2018-06-08 00:18:33,630: WARNING/Worker-4] 放开那个女巫更新结束。
[2018-06-08 00:18:33,630: WARNING/Worker-4] 0
[2018-06-08 00:18:34,560: WARNING/Worker-4] 全职法师更新结束。
[2018-06-08 00:18:34,561: WARNING/Worker-4] 0
[2018-06-08 00:18:34,885: WARNING/Worker-4] 神级强者在都市更新结束。
[2018-06-08 00:18:34,885: WARNING/Worker-4] 0
[2018-06-08 00:18:35,190: WARNING/Worker-4] 剑来更新结束。
[2018-06-08 00:18:35,190: WARNING/Worker-4] 0
[2018-06-08 00:18:35,468: WARNING/Worker-4] 大王饶命更新结束。
[2018-06-08 00:18:35,469: WARNING/Worker-4] 0
[2018-06-08 00:18:36,010: WARNING/Worker-4] 异常生物见闻录更新结束。
[2018-06-08 00:18:36,011: WARNING/Worker-4] 0
[2018-06-08 00:18:41,747: WARNING/Worker-5] 宠物天王更新结束。
[2018-06-08 00:18:41,748: WARNING/Worker-5] 0
[2018-06-08 00:18:42,289: WARNING/Worker-5] 修真聊天群更新结束。
[2018-06-08 00:18:42,290: WARNING/Worker-5] 0
[2018-06-08 00:18:42,545: WARNING/Worker-5] 寒门崛起更新结束。
[2018-06-08 00:18:42,545: WARNING/Worker-5] 0
[2018-06-08 00:18:42,982: WARNING/Worker-5] 龙王传说更新结束。
[2018-06-08 00:18:42,982: WARNING/Worker-5] 0
[2018-06-08 00:18:43,341: WARNING/Worker-5] 圣墟更新结束。
[2018-06-08 00:18:43,342: WARNING/Worker-5] 0
[2018-06-08 00:18:43,653: WARNING/Worker-5] 放开那个女巫更新结束。
[2018-06-08 00:18:43,654: WARNING/Worker-5] 0
[2018-06-08 00:18:44,246: WARNING/Worker-5] 全职法师更新结束。
[2018-06-08 00:18:44,247: WARNING/Worker-5] 0
[2018-06-08 00:18:44,435: WARNING/Worker-5] 神级强者在都市更新结束。
[2018-06-08 00:18:44,436: WARNING/Worker-5] 0
[2018-06-08 00:18:44,559: WARNING/Worker-5] 剑来更新结束。
[2018-06-08 00:18:44,559: WARNING/Worker-5] 0
[2018-06-08 00:18:44,700: WARNING/Worker-5] 大王饶命更新结束。
[2018-06-08 00:18:44,701: WARNING/Worker-5] 0
[2018-06-08 00:18:45,138: WARNING/Worker-5] 异常生物见闻录更新结束。
[2018-06-08 00:18:45,138: WARNING/Worker-5] 0
[2018-06-08 00:20:08,813: WARNING/MainProcess] celery@zhangchenyudeMacBook-Pro.local ready.
[2018-06-08 00:20:10,309: WARNING/Worker-3] 第903章 三鲸战吕布
[2018-06-08 00:20:10,312: WARNING/Worker-6] 第903章 三鲸战吕布
[2018-06-08 00:20:10,315: WARNING/Worker-8] 第903章 三鲸战吕布
[2018-06-08 00:20:10,322: WARNING/Worker-7] 第903章 三鲸战吕布
[2018-06-08 00:20:10,337: WARNING/Worker-4] 第903章 三鲸战吕布
[2018-06-08 00:20:10,338: WARNING/Worker-5] 第903章 三鲸战吕布
[2018-06-08 00:20:10,340: WARNING/Worker-2] 第903章 三鲸战吕布
[2018-06-08 00:20:10,359: WARNING/Worker-1] 第903章 三鲸战吕布
[2018-06-08 00:20:10,393: WARNING/Worker-6] 宠物天王更新结束。
[2018-06-08 00:20:10,393: WARNING/Worker-3] 宠物天王更新结束。
[2018-06-08 00:20:10,393: WARNING/Worker-6] 第903章 三鲸战吕布
[2018-06-08 00:20:10,393: WARNING/Worker-3] 第903章 三鲸战吕布
[2018-06-08 00:20:10,394: WARNING/Worker-7] 宠物天王更新结束。
[2018-06-08 00:20:10,394: WARNING/Worker-8] 宠物天王更新结束。
[2018-06-08 00:20:10,395: WARNING/Worker-7] 第903章 三鲸战吕布
[2018-06-08 00:20:10,395: WARNING/Worker-8] 第903章 三鲸战吕布
[2018-06-08 00:20:10,407: WARNING/Worker-4] 宠物天王更新结束。
[2018-06-08 00:20:10,408: WARNING/Worker-4] 第903章 三鲸战吕布
[2018-06-08 00:20:10,416: WARNING/Worker-2] 宠物天王更新结束。
[2018-06-08 00:20:10,417: WARNING/Worker-2] 第903章 三鲸战吕布
[2018-06-08 00:20:10,424: WARNING/Worker-5] 宠物天王更新结束。
[2018-06-08 00:20:10,425: WARNING/Worker-5] 第903章 三鲸战吕布
[2018-06-08 00:20:10,445: WARNING/Worker-1] 宠物天王更新结束。
[2018-06-08 00:20:10,445: WARNING/Worker-1] 第903章 三鲸战吕布
[2018-06-08 00:20:12,106: WARNING/Worker-5] 修真聊天群更新结束。
[2018-06-08 00:20:12,124: WARNING/Worker-3] 修真聊天群更新结束。
[2018-06-08 00:20:12,124: WARNING/Worker-4] 修真聊天群更新结束。
[2018-06-08 00:20:12,125: WARNING/Worker-2] 修真聊天群更新结束。
[2018-06-08 00:20:12,141: WARNING/Worker-6] 修真聊天群更新结束。
[2018-06-08 00:20:12,144: WARNING/Worker-7] 修真聊天群更新结束。
[2018-06-08 00:20:12,153: WARNING/Worker-1] 修真聊天群更新结束。
[2018-06-08 00:20:12,633: WARNING/Worker-4] 寒门崛起更新结束。
[2018-06-08 00:20:12,641: WARNING/Worker-2] 寒门崛起更新结束。
[2018-06-08 00:20:12,646: WARNING/Worker-3] 寒门崛起更新结束。
[2018-06-08 00:20:12,646: WARNING/Worker-8] 修真聊天群更新结束。
[2018-06-08 00:20:12,646: WARNING/Worker-6] 寒门崛起更新结束。
[2018-06-08 00:20:12,665: WARNING/Worker-7] 寒门崛起更新结束。
[2018-06-08 00:20:12,665: WARNING/Worker-1] 寒门崛起更新结束。
[2018-06-08 00:20:12,665: WARNING/Worker-5] 寒门崛起更新结束。
[2018-06-08 00:20:12,928: WARNING/Worker-8] 寒门崛起更新结束。
[2018-06-08 00:20:13,190: WARNING/Worker-4] 龙王传说更新结束。
[2018-06-08 00:20:13,208: WARNING/Worker-6] 龙王传说更新结束。
[2018-06-08 00:20:13,214: WARNING/Worker-1] 龙王传说更新结束。
[2018-06-08 00:20:13,218: WARNING/Worker-5] 龙王传说更新结束。
[2018-06-08 00:20:13,218: WARNING/Worker-2] 龙王传说更新结束。
[2018-06-08 00:20:13,220: WARNING/Worker-7] 龙王传说更新结束。
[2018-06-08 00:20:13,221: WARNING/Worker-3] 龙王传说更新结束。
[2018-06-08 00:20:13,311: WARNING/Worker-8] 龙王传说更新结束。
[2018-06-08 00:20:13,851: WARNING/Worker-2] 圣墟更新结束。
[2018-06-08 00:20:13,855: WARNING/Worker-7] 圣墟更新结束。
[2018-06-08 00:20:13,879: WARNING/Worker-3] 圣墟更新结束。
[2018-06-08 00:20:13,899: WARNING/Worker-4] 圣墟更新结束。
[2018-06-08 00:20:13,911: WARNING/Worker-5] 圣墟更新结束。
[2018-06-08 00:20:13,914: WARNING/Worker-6] 圣墟更新结束。
[2018-06-08 00:20:13,916: WARNING/Worker-1] 圣墟更新结束。
[2018-06-08 00:20:13,950: WARNING/Worker-8] 圣墟更新结束。
[2018-06-08 00:20:14,412: WARNING/Worker-7] 放开那个女巫更新结束。
[2018-06-08 00:20:14,412: WARNING/Worker-5] 放开那个女巫更新结束。
[2018-06-08 00:20:14,413: WARNING/Worker-6] 放开那个女巫更新结束。
[2018-06-08 00:20:14,415: WARNING/Worker-3] 放开那个女巫更新结束。
[2018-06-08 00:20:14,415: WARNING/Worker-2] 放开那个女巫更新结束。
[2018-06-08 00:20:14,418: WARNING/Worker-1] 放开那个女巫更新结束。
[2018-06-08 00:20:14,422: WARNING/Worker-8] 放开那个女巫更新结束。
[2018-06-08 00:20:14,422: WARNING/Worker-4] 放开那个女巫更新结束。
[2018-06-08 00:20:15,497: WARNING/Worker-2] 全职法师更新结束。
[2018-06-08 00:20:15,524: WARNING/Worker-5] 全职法师更新结束。
[2018-06-08 00:20:15,530: WARNING/Worker-3] 全职法师更新结束。
[2018-06-08 00:20:15,532: WARNING/Worker-4] 全职法师更新结束。
[2018-06-08 00:20:15,532: WARNING/Worker-7] 全职法师更新结束。
[2018-06-08 00:20:15,536: WARNING/Worker-1] 全职法师更新结束。
[2018-06-08 00:20:15,538: WARNING/Worker-6] 全职法师更新结束。
[2018-06-08 00:20:15,538: WARNING/Worker-8] 全职法师更新结束。
[2018-06-08 00:20:15,882: WARNING/Worker-8] 神级强者在都市更新结束。
[2018-06-08 00:20:15,907: WARNING/Worker-5] 神级强者在都市更新结束。
[2018-06-08 00:20:15,907: WARNING/Worker-4] 神级强者在都市更新结束。
[2018-06-08 00:20:15,907: WARNING/Worker-1] 神级强者在都市更新结束。
[2018-06-08 00:20:15,920: WARNING/Worker-7] 神级强者在都市更新结束。
[2018-06-08 00:20:15,921: WARNING/Worker-6] 神级强者在都市更新结束。
[2018-06-08 00:20:15,923: WARNING/Worker-3] 神级强者在都市更新结束。
[2018-06-08 00:20:15,923: WARNING/Worker-2] 神级强者在都市更新结束。
[2018-06-08 00:20:16,180: WARNING/Worker-8] 剑来更新结束。
[2018-06-08 00:20:16,184: WARNING/Worker-5] 剑来更新结束。
[2018-06-08 00:20:16,272: WARNING/Worker-4] 剑来更新结束。
[2018-06-08 00:20:16,272: WARNING/Worker-3] 剑来更新结束。
[2018-06-08 00:20:16,272: WARNING/Worker-7] 剑来更新结束。
[2018-06-08 00:20:16,287: WARNING/Worker-1] 剑来更新结束。
[2018-06-08 00:20:16,288: WARNING/Worker-6] 剑来更新结束。
[2018-06-08 00:20:16,290: WARNING/Worker-2] 剑来更新结束。
[2018-06-08 00:20:16,595: WARNING/Worker-6] 大王饶命更新结束。
[2018-06-08 00:20:16,597: WARNING/Worker-7] 大王饶命更新结束。
[2018-06-08 00:20:16,599: WARNING/Worker-8] 大王饶命更新结束。
[2018-06-08 00:20:16,602: WARNING/Worker-5] 大王饶命更新结束。
[2018-06-08 00:20:16,603: WARNING/Worker-3] 大王饶命更新结束。
[2018-06-08 00:20:16,605: WARNING/Worker-4] 大王饶命更新结束。
[2018-06-08 00:20:16,606: WARNING/Worker-1] 大王饶命更新结束。
[2018-06-08 00:20:16,607: WARNING/Worker-2] 大王饶命更新结束。
[2018-06-08 00:20:17,393: WARNING/Worker-5] 异常生物见闻录更新结束。
[2018-06-08 00:20:17,397: WARNING/Worker-2] 异常生物见闻录更新结束。
[2018-06-08 00:20:17,398: WARNING/Worker-3] 异常生物见闻录更新结束。
[2018-06-08 00:20:17,399: WARNING/Worker-7] 异常生物见闻录更新结束。
[2018-06-08 00:20:17,399: WARNING/Worker-1] 异常生物见闻录更新结束。
[2018-06-08 00:20:17,402: WARNING/Worker-4] 异常生物见闻录更新结束。
[2018-06-08 00:20:17,402: WARNING/Worker-6] 异常生物见闻录更新结束。
[2018-06-08 00:20:17,404: WARNING/Worker-8] 异常生物见闻录更新结束。
[2018-06-08 00:20:17,810: WARNING/Worker-2] 宠物天王更新结束。
[2018-06-08 00:20:17,822: WARNING/Worker-1] 宠物天王更新结束。
[2018-06-08 00:20:17,825: WARNING/Worker-8] 宠物天王更新结束。
[2018-06-08 00:20:18,199: WARNING/Worker-2] 修真聊天群更新结束。
[2018-06-08 00:20:18,200: WARNING/Worker-1] 修真聊天群更新结束。
[2018-06-08 00:20:18,204: WARNING/Worker-8] 修真聊天群更新结束。
[2018-06-08 00:20:18,427: WARNING/Worker-8] 寒门崛起更新结束。
[2018-06-08 00:20:18,432: WARNING/Worker-2] 寒门崛起更新结束。
[2018-06-08 00:20:18,450: WARNING/Worker-1] 寒门崛起更新结束。
[2018-06-08 00:20:18,777: WARNING/Worker-8] 龙王传说更新结束。
[2018-06-08 00:20:18,781: WARNING/Worker-1] 龙王传说更新结束。
[2018-06-08 00:20:18,784: WARNING/Worker-2] 龙王传说更新结束。
[2018-06-08 00:20:19,129: WARNING/Worker-2] 圣墟更新结束。
[2018-06-08 00:20:19,134: WARNING/Worker-1] 圣墟更新结束。
[2018-06-08 00:20:19,141: WARNING/Worker-8] 圣墟更新结束。
[2018-06-08 00:20:19,481: WARNING/Worker-1] 放开那个女巫更新结束。
[2018-06-08 00:20:19,483: WARNING/Worker-2] 放开那个女巫更新结束。
[2018-06-08 00:20:19,483: WARNING/Worker-8] 放开那个女巫更新结束。
[2018-06-08 00:20:20,069: WARNING/Worker-1] 全职法师更新结束。
[2018-06-08 00:20:20,069: WARNING/Worker-2] 全职法师更新结束。
[2018-06-08 00:20:20,081: WARNING/Worker-8] 全职法师更新结束。
[2018-06-08 00:20:20,249: WARNING/Worker-2] 神级强者在都市更新结束。
[2018-06-08 00:20:20,256: WARNING/Worker-1] 神级强者在都市更新结束。
[2018-06-08 00:20:20,257: WARNING/Worker-8] 神级强者在都市更新结束。
[2018-06-08 00:20:20,370: WARNING/Worker-2] 剑来更新结束。
[2018-06-08 00:20:20,375: WARNING/Worker-1] 剑来更新结束。
[2018-06-08 00:20:20,469: WARNING/Worker-8] 剑来更新结束。
[2018-06-08 00:20:20,587: WARNING/Worker-2] 大王饶命更新结束。
[2018-06-08 00:20:20,594: WARNING/Worker-1] 大王饶命更新结束。
[2018-06-08 00:20:20,601: WARNING/Worker-8] 大王饶命更新结束。
[2018-06-08 00:20:21,035: WARNING/Worker-2] 异常生物见闻录更新结束。
[2018-06-08 00:20:21,037: WARNING/Worker-1] 异常生物见闻录更新结束。
[2018-06-08 00:20:21,054: WARNING/Worker-8] 异常生物见闻录更新结束。
[2018-06-08 00:20:22,086: WARNING/Worker-3] 宠物天王更新结束。
[2018-06-08 00:20:22,580: WARNING/Worker-3] 修真聊天群更新结束。
[2018-06-08 00:20:22,838: WARNING/Worker-3] 寒门崛起更新结束。
[2018-06-08 00:20:23,202: WARNING/Worker-3] 龙王传说更新结束。
[2018-06-08 00:20:23,515: WARNING/Worker-3] 圣墟更新结束。
[2018-06-08 00:20:23,850: WARNING/Worker-3] 放开那个女巫更新结束。
[2018-06-08 00:20:24,425: WARNING/Worker-3] 全职法师更新结束。
[2018-06-08 00:20:24,686: WARNING/Worker-3] 神级强者在都市更新结束。
[2018-06-08 00:20:24,798: WARNING/Worker-3] 剑来更新结束。
[2018-06-08 00:20:24,946: WARNING/Worker-3] 大王饶命更新结束。
[2018-06-08 00:20:25,344: WARNING/Worker-3] 异常生物见闻录更新结束。
[2018-06-08 00:20:32,209: WARNING/Worker-4] 宠物天王更新结束。
[2018-06-08 00:20:32,602: WARNING/Worker-4] 修真聊天群更新结束。
[2018-06-08 00:20:32,870: WARNING/Worker-4] 寒门崛起更新结束。
[2018-06-08 00:20:33,357: WARNING/Worker-4] 龙王传说更新结束。
[2018-06-08 00:20:33,686: WARNING/Worker-4] 圣墟更新结束。
[2018-06-08 00:20:33,968: WARNING/Worker-4] 放开那个女巫更新结束。
[2018-06-08 00:20:34,637: WARNING/Worker-4] 全职法师更新结束。
[2018-06-08 00:20:34,813: WARNING/Worker-4] 神级强者在都市更新结束。
[2018-06-08 00:20:34,928: WARNING/Worker-4] 剑来更新结束。
[2018-06-08 00:20:35,059: WARNING/Worker-4] 大王饶命更新结束。
[2018-06-08 00:20:35,612: WARNING/Worker-4] 异常生物见闻录更新结束。
[2018-06-08 00:20:42,159: WARNING/Worker-5] 第903章 三鲸战吕布
[2018-06-08 00:20:42,226: WARNING/Worker-5] 宠物天王更新结束。
[2018-06-08 00:20:42,227: WARNING/Worker-5] 第903章 三鲸战吕布
[2018-06-08 00:20:43,261: WARNING/Worker-5] 修真聊天群更新结束。
[2018-06-08 00:20:43,618: WARNING/Worker-5] 寒门崛起更新结束。
[2018-06-08 00:20:44,016: WARNING/Worker-5] 龙王传说更新结束。
[2018-06-08 00:20:44,351: WARNING/Worker-5] 圣墟更新结束。
[2018-06-08 00:20:44,655: WARNING/Worker-5] 放开那个女巫更新结束。
[2018-06-08 00:20:45,235: WARNING/Worker-5] 全职法师更新结束。
[2018-06-08 00:20:45,427: WARNING/Worker-5] 神级强者在都市更新结束。
[2018-06-08 00:20:45,536: WARNING/Worker-5] 剑来更新结束。
[2018-06-08 00:20:45,775: WARNING/Worker-5] 大王饶命更新结束。
[2018-06-08 00:20:46,213: WARNING/Worker-5] 异常生物见闻录更新结束。
[2018-06-08 00:21:53,135: WARNING/MainProcess] celery@zhangchenyudeMacBook-Pro.local ready.
[2018-06-08 00:21:54,728: WARNING/Worker-5] 宠物天王更新结束。
[2018-06-08 00:21:54,731: WARNING/Worker-6] 宠物天王更新结束。
[2018-06-08 00:21:54,733: WARNING/Worker-4] 宠物天王更新结束。
[2018-06-08 00:21:54,733: WARNING/Worker-3] 宠物天王更新结束。
[2018-06-08 00:21:54,735: WARNING/Worker-7] 宠物天王更新结束。
[2018-06-08 00:21:54,754: WARNING/Worker-2] 宠物天王更新结束。
[2018-06-08 00:21:54,756: WARNING/Worker-1] 宠物天王更新结束。
[2018-06-08 00:21:55,249: WARNING/Worker-8] 宠物天王更新结束。
[2018-06-08 00:21:55,377: WARNING/Worker-4] 修真聊天群更新结束。
[2018-06-08 00:21:55,384: WARNING/Worker-7] 修真聊天群更新结束。
[2018-06-08 00:21:55,418: WARNING/Worker-6] 修真聊天群更新结束。
[2018-06-08 00:21:55,436: WARNING/Worker-2] 修真聊天群更新结束。
[2018-06-08 00:21:55,439: WARNING/Worker-5] 修真聊天群更新结束。
[2018-06-08 00:21:55,440: WARNING/Worker-3] 修真聊天群更新结束。
[2018-06-08 00:21:55,477: WARNING/Worker-1] 修真聊天群更新结束。
[2018-06-08 00:21:55,696: WARNING/Worker-8] 修真聊天群更新结束。
[2018-06-08 00:21:55,912: WARNING/Worker-2] 寒门崛起更新结束。
[2018-06-08 00:21:55,913: WARNING/Worker-5] 寒门崛起更新结束。
[2018-06-08 00:21:55,915: WARNING/Worker-6] 寒门崛起更新结束。
[2018-06-08 00:21:55,915: WARNING/Worker-7] 寒门崛起更新结束。
[2018-06-08 00:21:55,916: WARNING/Worker-1] 寒门崛起更新结束。
[2018-06-08 00:21:55,919: WARNING/Worker-4] 寒门崛起更新结束。
[2018-06-08 00:21:55,931: WARNING/Worker-3] 寒门崛起更新结束。
[2018-06-08 00:21:56,007: WARNING/Worker-8] 寒门崛起更新结束。
[2018-06-08 00:21:56,461: WARNING/Worker-7] 龙王传说更新结束。
[2018-06-08 00:21:56,489: WARNING/Worker-4] 龙王传说更新结束。
[2018-06-08 00:21:56,494: WARNING/Worker-6] 龙王传说更新结束。
[2018-06-08 00:21:56,496: WARNING/Worker-5] 龙王传说更新结束。
[2018-06-08 00:21:56,496: WARNING/Worker-1] 龙王传说更新结束。
[2018-06-08 00:21:56,514: WARNING/Worker-3] 龙王传说更新结束。
[2018-06-08 00:21:56,514: WARNING/Worker-2] 龙王传说更新结束。
[2018-06-08 00:21:56,648: WARNING/Worker-8] 龙王传说更新结束。
[2018-06-08 00:21:56,788: WARNING/Worker-7] 圣墟更新结束。
[2018-06-08 00:21:56,947: WARNING/Worker-4] 圣墟更新结束。
[2018-06-08 00:21:56,973: WARNING/Worker-5] 圣墟更新结束。
[2018-06-08 00:21:56,975: WARNING/Worker-1] 圣墟更新结束。
[2018-06-08 00:21:56,987: WARNING/Worker-6] 圣墟更新结束。
[2018-06-08 00:21:56,999: WARNING/Worker-2] 圣墟更新结束。
[2018-06-08 00:21:57,039: WARNING/Worker-3] 圣墟更新结束。
[2018-06-08 00:21:57,058: WARNING/Worker-8] 圣墟更新结束。
[2018-06-08 00:21:57,515: WARNING/Worker-4] 放开那个女巫更新结束。
[2018-06-08 00:21:57,516: WARNING/Worker-7] 放开那个女巫更新结束。
[2018-06-08 00:21:57,560: WARNING/Worker-5] 放开那个女巫更新结束。
[2018-06-08 00:21:57,564: WARNING/Worker-6] 放开那个女巫更新结束。
[2018-06-08 00:21:57,572: WARNING/Worker-2] 放开那个女巫更新结束。
[2018-06-08 00:21:57,574: WARNING/Worker-1] 放开那个女巫更新结束。
[2018-06-08 00:21:57,594: WARNING/Worker-3] 放开那个女巫更新结束。
[2018-06-08 00:21:57,768: WARNING/Worker-8] 放开那个女巫更新结束。
[2018-06-08 00:21:58,519: WARNING/Worker-4] 全职法师更新结束。
[2018-06-08 00:21:58,541: WARNING/Worker-7] 全职法师更新结束。
[2018-06-08 00:21:58,600: WARNING/Worker-2] 全职法师更新结束。
[2018-06-08 00:21:58,648: WARNING/Worker-6] 全职法师更新结束。
[2018-06-08 00:21:58,653: WARNING/Worker-1] 全职法师更新结束。
[2018-06-08 00:21:58,740: WARNING/Worker-5] 全职法师更新结束。
[2018-06-08 00:21:58,740: WARNING/Worker-8] 全职法师更新结束。
[2018-06-08 00:21:58,740: WARNING/Worker-3] 全职法师更新结束。
[2018-06-08 00:21:58,939: WARNING/Worker-4] 神级强者在都市更新结束。
[2018-06-08 00:21:58,943: WARNING/Worker-2] 神级强者在都市更新结束。
[2018-06-08 00:21:58,945: WARNING/Worker-7] 神级强者在都市更新结束。
[2018-06-08 00:21:58,952: WARNING/Worker-6] 神级强者在都市更新结束。
[2018-06-08 00:21:58,954: WARNING/Worker-1] 神级强者在都市更新结束。
[2018-06-08 00:21:58,958: WARNING/Worker-5] 神级强者在都市更新结束。
[2018-06-08 00:21:58,960: WARNING/Worker-3] 神级强者在都市更新结束。
[2018-06-08 00:21:58,962: WARNING/Worker-8] 神级强者在都市更新结束。
[2018-06-08 00:21:59,203: WARNING/Worker-4] 剑来更新结束。
[2018-06-08 00:21:59,213: WARNING/Worker-5] 剑来更新结束。
[2018-06-08 00:21:59,215: WARNING/Worker-7] 剑来更新结束。
[2018-06-08 00:21:59,215: WARNING/Worker-1] 剑来更新结束。
[2018-06-08 00:21:59,218: WARNING/Worker-2] 剑来更新结束。
[2018-06-08 00:21:59,220: WARNING/Worker-6] 剑来更新结束。
[2018-06-08 00:21:59,223: WARNING/Worker-3] 剑来更新结束。
[2018-06-08 00:21:59,232: WARNING/Worker-8] 剑来更新结束。
[2018-06-08 00:21:59,551: WARNING/Worker-7] 大王饶命更新结束。
[2018-06-08 00:21:59,565: WARNING/Worker-3] 大王饶命更新结束。
[2018-06-08 00:21:59,569: WARNING/Worker-6] 大王饶命更新结束。
[2018-06-08 00:21:59,571: WARNING/Worker-2] 大王饶命更新结束。
[2018-06-08 00:21:59,572: WARNING/Worker-1] 大王饶命更新结束。
[2018-06-08 00:21:59,575: WARNING/Worker-4] 大王饶命更新结束。
[2018-06-08 00:21:59,576: WARNING/Worker-5] 大王饶命更新结束。
[2018-06-08 00:21:59,581: WARNING/Worker-8] 大王饶命更新结束。
[2018-06-08 00:22:00,154: WARNING/Worker-6] 新书《黎明之剑》已经发布
[2018-06-08 00:22:00,385: WARNING/Worker-3] 新书《黎明之剑》已经发布
[2018-06-08 00:22:00,392: WARNING/Worker-1] 新书《黎明之剑》已经发布
[2018-06-08 00:22:00,411: WARNING/Worker-6] 异常生物见闻录更新结束。
[2018-06-08 00:22:00,411: WARNING/Worker-6] 新书《黎明之剑》已经发布
[2018-06-08 00:22:00,417: WARNING/Worker-2] 新书《黎明之剑》已经发布
[2018-06-08 00:22:00,422: WARNING/Worker-7] 新书《黎明之剑》已经发布
[2018-06-08 00:22:00,423: WARNING/Worker-5] 新书《黎明之剑》已经发布
[2018-06-08 00:22:00,424: WARNING/Worker-4] 新书《黎明之剑》已经发布
[2018-06-08 00:22:00,429: WARNING/Worker-8] 新书《黎明之剑》已经发布
[2018-06-08 00:22:00,526: WARNING/Worker-3] 异常生物见闻录更新结束。
[2018-06-08 00:22:00,526: WARNING/Worker-1] 异常生物见闻录更新结束。
[2018-06-08 00:22:00,526: WARNING/Worker-1] 新书《黎明之剑》已经发布
[2018-06-08 00:22:00,526: WARNING/Worker-3] 新书《黎明之剑》已经发布
[2018-06-08 00:22:00,570: WARNING/Worker-7] 异常生物见闻录更新结束。
[2018-06-08 00:22:00,571: WARNING/Worker-7] 新书《黎明之剑》已经发布
[2018-06-08 00:22:00,577: WARNING/Worker-4] 异常生物见闻录更新结束。
[2018-06-08 00:22:00,578: WARNING/Worker-4] 新书《黎明之剑》已经发布
[2018-06-08 00:22:00,580: WARNING/Worker-8] 异常生物见闻录更新结束。
[2018-06-08 00:22:00,580: WARNING/Worker-8] 新书《黎明之剑》已经发布
[2018-06-08 00:22:00,582: WARNING/Worker-2] 异常生物见闻录更新结束。
[2018-06-08 00:22:00,581: WARNING/Worker-5] 异常生物见闻录更新结束。
[2018-06-08 00:22:00,582: WARNING/Worker-2] 新书《黎明之剑》已经发布
[2018-06-08 00:22:00,582: WARNING/Worker-5] 新书《黎明之剑》已经发布
[2018-06-08 00:22:02,597: WARNING/Worker-8] 宠物天王更新结束。
[2018-06-08 00:22:03,001: WARNING/Worker-8] 修真聊天群更新结束。
[2018-06-08 00:22:03,253: WARNING/Worker-8] 寒门崛起更新结束。
[2018-06-08 00:22:03,651: WARNING/Worker-8] 龙王传说更新结束。
[2018-06-08 00:22:04,046: WARNING/Worker-8] 圣墟更新结束。
[2018-06-08 00:22:04,325: WARNING/Worker-8] 放开那个女巫更新结束。
[2018-06-08 00:22:04,911: WARNING/Worker-8] 全职法师更新结束。
[2018-06-08 00:22:05,171: WARNING/Worker-8] 神级强者在都市更新结束。
[2018-06-08 00:22:05,280: WARNING/Worker-8] 剑来更新结束。
[2018-06-08 00:22:05,432: WARNING/Worker-8] 大王饶命更新结束。
[2018-06-08 00:22:05,852: WARNING/Worker-8] 异常生物见闻录更新结束。
[2018-06-08 00:22:06,916: WARNING/Worker-1] 宠物天王更新结束。
[2018-06-08 00:22:07,320: WARNING/Worker-1] 修真聊天群更新结束。
[2018-06-08 00:22:07,568: WARNING/Worker-1] 寒门崛起更新结束。
[2018-06-08 00:22:07,931: WARNING/Worker-1] 龙王传说更新结束。
[2018-06-08 00:22:08,290: WARNING/Worker-1] 圣墟更新结束。
[2018-06-08 00:22:08,568: WARNING/Worker-1] 放开那个女巫更新结束。
[2018-06-08 00:22:09,252: WARNING/Worker-1] 全职法师更新结束。
[2018-06-08 00:22:09,432: WARNING/Worker-1] 神级强者在都市更新结束。
[2018-06-08 00:22:09,538: WARNING/Worker-1] 剑来更新结束。
[2018-06-08 00:22:09,671: WARNING/Worker-1] 大王饶命更新结束。
[2018-06-08 00:22:10,091: WARNING/Worker-1] 异常生物见闻录更新结束。
[2018-06-08 00:22:12,739: WARNING/Worker-2] 宠物天王更新结束。
[2018-06-08 00:22:13,164: WARNING/Worker-2] 修真聊天群更新结束。
[2018-06-08 00:22:13,483: WARNING/Worker-2] 寒门崛起更新结束。
[2018-06-08 00:22:13,866: WARNING/Worker-2] 龙王传说更新结束。
[2018-06-08 00:22:14,196: WARNING/Worker-2] 圣墟更新结束。
[2018-06-08 00:22:14,541: WARNING/Worker-2] 放开那个女巫更新结束。
[2018-06-08 00:22:15,137: WARNING/Worker-2] 全职法师更新结束。
[2018-06-08 00:22:15,312: WARNING/Worker-2] 神级强者在都市更新结束。
[2018-06-08 00:22:15,429: WARNING/Worker-2] 剑来更新结束。
[2018-06-08 00:22:15,668: WARNING/Worker-2] 大王饶命更新结束。
[2018-06-08 00:22:16,083: WARNING/Worker-2] 异常生物见闻录更新结束。
[2018-06-08 00:22:22,672: WARNING/Worker-3] 宠物天王更新结束。
[2018-06-08 00:22:23,278: WARNING/Worker-3] 修真聊天群更新结束。
[2018-06-08 00:22:23,535: WARNING/Worker-3] 寒门崛起更新结束。
[2018-06-08 00:22:23,978: WARNING/Worker-3] 龙王传说更新结束。
[2018-06-08 00:22:24,463: WARNING/Worker-3] 圣墟更新结束。
[2018-06-08 00:22:24,745: WARNING/Worker-3] 放开那个女巫更新结束。
[2018-06-08 00:22:25,588: WARNING/Worker-3] 全职法师更新结束。
[2018-06-08 00:22:25,768: WARNING/Worker-3] 神级强者在都市更新结束。
[2018-06-08 00:22:25,891: WARNING/Worker-3] 剑来更新结束。
[2018-06-08 00:22:26,115: WARNING/Worker-3] 大王饶命更新结束。
[2018-06-08 00:22:26,576: WARNING/Worker-3] 异常生物见闻录更新结束。
[2018-06-08 00:22:32,935: WARNING/Worker-4] 宠物天王更新结束。
[2018-06-08 00:22:33,677: WARNING/Worker-4] 修真聊天群更新结束。
[2018-06-08 00:22:34,172: WARNING/Worker-4] 寒门崛起更新结束。
[2018-06-08 00:22:34,519: WARNING/Worker-4] 龙王传说更新结束。
[2018-06-08 00:22:35,050: WARNING/Worker-4] 圣墟更新结束。
[2018-06-08 00:22:35,404: WARNING/Worker-4] 放开那个女巫更新结束。
[2018-06-08 00:22:36,083: WARNING/Worker-4] 全职法师更新结束。
[2018-06-08 00:22:36,284: WARNING/Worker-4] 神级强者在都市更新结束。
[2018-06-08 00:22:36,410: WARNING/Worker-4] 剑来更新结束。
[2018-06-08 00:22:36,542: WARNING/Worker-4] 大王饶命更新结束。
[2018-06-08 00:22:36,979: WARNING/Worker-4] 异常生物见闻录更新结束。
[2018-06-08 00:26:21,258: WARNING/MainProcess] celery@zhangchenyudeMacBook-Pro.local ready.
[2018-06-08 00:26:22,888: WARNING/Worker-1] 宠物天王更新结束。
[2018-06-08 00:26:22,987: WARNING/Worker-2] 宠物天王更新结束。
[2018-06-08 00:26:22,998: WARNING/Worker-3] 宠物天王更新结束。
[2018-06-08 00:26:23,008: WARNING/Worker-8] 宠物天王更新结束。
[2018-06-08 00:26:23,049: WARNING/Worker-4] 宠物天王更新结束。
[2018-06-08 00:26:23,050: WARNING/Worker-7] 宠物天王更新结束。
[2018-06-08 00:26:23,073: WARNING/Worker-6] 宠物天王更新结束。
[2018-06-08 00:26:23,082: WARNING/Worker-5] 宠物天王更新结束。
[2018-06-08 00:26:23,743: WARNING/Worker-1] 修真聊天群更新结束。
[2018-06-08 00:26:23,773: WARNING/Worker-3] 修真聊天群更新结束。
[2018-06-08 00:26:23,773: WARNING/Worker-2] 修真聊天群更新结束。
[2018-06-08 00:26:23,795: WARNING/Worker-8] 修真聊天群更新结束。
[2018-06-08 00:26:23,974: WARNING/Worker-6] 修真聊天群更新结束。
[2018-06-08 00:26:24,033: WARNING/Worker-7] 修真聊天群更新结束。
[2018-06-08 00:26:24,035: WARNING/Worker-5] 修真聊天群更新结束。
[2018-06-08 00:26:24,056: WARNING/Worker-4] 修真聊天群更新结束。
[2018-06-08 00:26:24,111: WARNING/Worker-2] 寒门崛起更新结束。
[2018-06-08 00:26:24,170: WARNING/Worker-1] 寒门崛起更新结束。
[2018-06-08 00:26:24,177: WARNING/Worker-3] 寒门崛起更新结束。
[2018-06-08 00:26:24,199: WARNING/Worker-8] 寒门崛起更新结束。
[2018-06-08 00:26:24,341: WARNING/Worker-6] 寒门崛起更新结束。
[2018-06-08 00:26:24,367: WARNING/Worker-5] 寒门崛起更新结束。
[2018-06-08 00:26:24,372: WARNING/Worker-4] 寒门崛起更新结束。
[2018-06-08 00:26:24,373: WARNING/Worker-7] 寒门崛起更新结束。
[2018-06-08 00:26:24,666: WARNING/Worker-2] 龙王传说更新结束。
[2018-06-08 00:26:24,701: WARNING/Worker-3] 龙王传说更新结束。
[2018-06-08 00:26:24,730: WARNING/Worker-8] 龙王传说更新结束。
[2018-06-08 00:26:24,740: WARNING/Worker-1] 龙王传说更新结束。
[2018-06-08 00:26:24,740: WARNING/Worker-6] 龙王传说更新结束。
[2018-06-08 00:26:24,894: WARNING/Worker-5] 龙王传说更新结束。
[2018-06-08 00:26:24,911: WARNING/Worker-7] 龙王传说更新结束。
[2018-06-08 00:26:24,962: WARNING/Worker-4] 龙王传说更新结束。
[2018-06-08 00:26:25,038: WARNING/Worker-3] 圣墟更新结束。
[2018-06-08 00:26:25,057: WARNING/Worker-2] 圣墟更新结束。
[2018-06-08 00:26:25,077: WARNING/Worker-8] 圣墟更新结束。
[2018-06-08 00:26:25,098: WARNING/Worker-1] 圣墟更新结束。
[2018-06-08 00:26:25,099: WARNING/Worker-6] 圣墟更新结束。
[2018-06-08 00:26:25,207: WARNING/Worker-5] 圣墟更新结束。
[2018-06-08 00:26:25,230: WARNING/Worker-7] 圣墟更新结束。
[2018-06-08 00:26:25,323: WARNING/Worker-4] 圣墟更新结束。
[2018-06-08 00:26:25,961: WARNING/Worker-7] 放开那个女巫更新结束。
[2018-06-08 00:26:25,961: WARNING/Worker-2] 放开那个女巫更新结束。
[2018-06-08 00:26:25,961: WARNING/Worker-3] 放开那个女巫更新结束。
[2018-06-08 00:26:25,961: WARNING/Worker-6] 放开那个女巫更新结束。
[2018-06-08 00:26:25,961: WARNING/Worker-5] 放开那个女巫更新结束。
[2018-06-08 00:26:25,962: WARNING/Worker-8] 放开那个女巫更新结束。
[2018-06-08 00:26:25,963: WARNING/Worker-1] 放开那个女巫更新结束。
[2018-06-08 00:26:25,963: WARNING/Worker-4] 放开那个女巫更新结束。
[2018-06-08 00:26:27,506: WARNING/Worker-2] 全职法师更新结束。
[2018-06-08 00:26:27,506: WARNING/Worker-1] 全职法师更新结束。
[2018-06-08 00:26:27,506: WARNING/Worker-6] 全职法师更新结束。
[2018-06-08 00:26:27,574: WARNING/Worker-5] 全职法师更新结束。
[2018-06-08 00:26:27,580: WARNING/Worker-3] 全职法师更新结束。
[2018-06-08 00:26:27,603: WARNING/Worker-4] 全职法师更新结束。
[2018-06-08 00:26:27,603: WARNING/Worker-8] 全职法师更新结束。
[2018-06-08 00:26:27,625: WARNING/Worker-7] 全职法师更新结束。
[2018-06-08 00:26:28,464: WARNING/Worker-8] 神级强者在都市更新结束。
[2018-06-08 00:26:28,466: WARNING/Worker-2] 神级强者在都市更新结束。
[2018-06-08 00:26:28,466: WARNING/Worker-6] 神级强者在都市更新结束。
[2018-06-08 00:26:28,466: WARNING/Worker-5] 神级强者在都市更新结束。
[2018-06-08 00:26:28,467: WARNING/Worker-3] 神级强者在都市更新结束。
[2018-06-08 00:26:28,480: WARNING/Worker-4] 神级强者在都市更新结束。
[2018-06-08 00:26:28,497: WARNING/Worker-7] 神级强者在都市更新结束。
[2018-06-08 00:26:28,497: WARNING/Worker-1] 神级强者在都市更新结束。
[2018-06-08 00:26:28,960: WARNING/Worker-6] 剑来更新结束。
[2018-06-08 00:26:28,960: WARNING/Worker-5] 剑来更新结束。
[2018-06-08 00:26:28,960: WARNING/Worker-3] 剑来更新结束。
[2018-06-08 00:26:28,963: WARNING/Worker-4] 剑来更新结束。
[2018-06-08 00:26:28,965: WARNING/Worker-1] 剑来更新结束。
[2018-06-08 00:26:28,969: WARNING/Worker-8] 剑来更新结束。
[2018-06-08 00:26:28,971: WARNING/Worker-2] 剑来更新结束。
[2018-06-08 00:26:28,971: WARNING/Worker-7] 剑来更新结束。
[2018-06-08 00:26:29,507: WARNING/Worker-2] 大王饶命更新结束。
[2018-06-08 00:26:29,507: WARNING/Worker-8] 大王饶命更新结束。
[2018-06-08 00:26:29,512: WARNING/Worker-6] 大王饶命更新结束。
[2018-06-08 00:26:29,519: WARNING/Worker-5] 大王饶命更新结束。
[2018-06-08 00:26:29,520: WARNING/Worker-4] 大王饶命更新结束。
[2018-06-08 00:26:29,523: WARNING/Worker-3] 大王饶命更新结束。
[2018-06-08 00:26:29,524: WARNING/Worker-1] 大王饶命更新结束。
[2018-06-08 00:26:29,529: WARNING/Worker-7] 大王饶命更新结束。
[2018-06-08 00:26:30,772: WARNING/Worker-8] 异常生物见闻录更新结束。
[2018-06-08 00:26:30,794: WARNING/Worker-1] 异常生物见闻录更新结束。
[2018-06-08 00:26:30,806: WARNING/Worker-3] 异常生物见闻录更新结束。
[2018-06-08 00:26:30,806: WARNING/Worker-4] 异常生物见闻录更新结束。
[2018-06-08 00:26:30,815: WARNING/Worker-5] 异常生物见闻录更新结束。
[2018-06-08 00:26:30,815: WARNING/Worker-6] 异常生物见闻录更新结束。
[2018-06-08 00:26:30,817: WARNING/Worker-2] 异常生物见闻录更新结束。
[2018-06-08 00:26:30,825: WARNING/Worker-7] 异常生物见闻录更新结束。
[2018-06-08 00:26:31,342: WARNING/Worker-8] 宠物天王更新结束。
[2018-06-08 00:26:31,347: WARNING/Worker-1] 宠物天王更新结束。
[2018-06-08 00:26:31,394: WARNING/Worker-2] 宠物天王更新结束。
[2018-06-08 00:26:31,396: WARNING/Worker-5] 宠物天王更新结束。
[2018-06-08 00:26:31,466: WARNING/Worker-7] 宠物天王更新结束。
[2018-06-08 00:26:31,466: WARNING/Worker-4] 宠物天王更新结束。
[2018-06-08 00:26:31,466: WARNING/Worker-3] 宠物天王更新结束。
[2018-06-08 00:26:31,479: WARNING/Worker-6] 宠物天王更新结束。
[2018-06-08 00:26:31,882: WARNING/Worker-1] 修真聊天群更新结束。
[2018-06-08 00:26:31,899: WARNING/Worker-8] 修真聊天群更新结束。
[2018-06-08 00:26:32,091: WARNING/Worker-2] 修真聊天群更新结束。
[2018-06-08 00:26:32,149: WARNING/Worker-5] 修真聊天群更新结束。
[2018-06-08 00:26:32,179: WARNING/Worker-7] 修真聊天群更新结束。
[2018-06-08 00:26:32,256: WARNING/Worker-6] 修真聊天群更新结束。
[2018-06-08 00:26:32,259: WARNING/Worker-4] 修真聊天群更新结束。
[2018-06-08 00:26:32,274: WARNING/Worker-3] 修真聊天群更新结束。
[2018-06-08 00:26:32,297: WARNING/Worker-8] 寒门崛起更新结束。
[2018-06-08 00:26:32,299: WARNING/Worker-1] 寒门崛起更新结束。
[2018-06-08 00:26:32,389: WARNING/Worker-2] 寒门崛起更新结束。
[2018-06-08 00:26:32,458: WARNING/Worker-5] 寒门崛起更新结束。
[2018-06-08 00:26:32,490: WARNING/Worker-7] 寒门崛起更新结束。
[2018-06-08 00:26:32,591: WARNING/Worker-6] 寒门崛起更新结束。
[2018-06-08 00:26:32,593: WARNING/Worker-4] 寒门崛起更新结束。
[2018-06-08 00:26:32,637: WARNING/Worker-3] 寒门崛起更新结束。
[2018-06-08 00:26:32,738: WARNING/Worker-8] 龙王传说更新结束。
[2018-06-08 00:26:32,747: WARNING/Worker-1] 龙王传说更新结束。
[2018-06-08 00:26:32,833: WARNING/Worker-2] 龙王传说更新结束。
[2018-06-08 00:26:32,898: WARNING/Worker-5] 龙王传说更新结束。
[2018-06-08 00:26:33,109: WARNING/Worker-7] 龙王传说更新结束。
[2018-06-08 00:26:33,118: WARNING/Worker-6] 龙王传说更新结束。
[2018-06-08 00:26:33,123: WARNING/Worker-4] 龙王传说更新结束。
[2018-06-08 00:26:33,139: WARNING/Worker-3] 龙王传说更新结束。
[2018-06-08 00:26:33,176: WARNING/Worker-1] 圣墟更新结束。
[2018-06-08 00:26:33,178: WARNING/Worker-8] 圣墟更新结束。
[2018-06-08 00:26:33,268: WARNING/Worker-2] 圣墟更新结束。
[2018-06-08 00:26:33,298: WARNING/Worker-5] 圣墟更新结束。
[2018-06-08 00:26:33,547: WARNING/Worker-7] 圣墟更新结束。
[2018-06-08 00:26:33,578: WARNING/Worker-4] 圣墟更新结束。
[2018-06-08 00:26:33,583: WARNING/Worker-1] 放开那个女巫更新结束。
[2018-06-08 00:26:33,588: WARNING/Worker-8] 放开那个女巫更新结束。
[2018-06-08 00:26:33,596: WARNING/Worker-6] 圣墟更新结束。
[2018-06-08 00:26:33,619: WARNING/Worker-3] 圣墟更新结束。
[2018-06-08 00:26:33,648: WARNING/Worker-2] 放开那个女巫更新结束。
[2018-06-08 00:26:33,812: WARNING/Worker-5] 放开那个女巫更新结束。
[2018-06-08 00:26:33,888: WARNING/Worker-7] 放开那个女巫更新结束。
[2018-06-08 00:26:33,912: WARNING/Worker-4] 放开那个女巫更新结束。
[2018-06-08 00:26:34,144: WARNING/Worker-6] 放开那个女巫更新结束。
[2018-06-08 00:26:34,146: WARNING/Worker-3] 放开那个女巫更新结束。
[2018-06-08 00:26:34,496: WARNING/Worker-1] 全职法师更新结束。
[2018-06-08 00:26:34,607: WARNING/Worker-8] 全职法师更新结束。
[2018-06-08 00:26:34,629: WARNING/Worker-2] 全职法师更新结束。
[2018-06-08 00:26:34,649: WARNING/Worker-5] 全职法师更新结束。
[2018-06-08 00:26:34,712: WARNING/Worker-1] 神级强者在都市更新结束。
[2018-06-08 00:26:34,823: WARNING/Worker-8] 神级强者在都市更新结束。
[2018-06-08 00:26:34,840: WARNING/Worker-1] 剑来更新结束。
[2018-06-08 00:26:34,843: WARNING/Worker-2] 神级强者在都市更新结束。
[2018-06-08 00:26:34,867: WARNING/Worker-7] 全职法师更新结束。
[2018-06-08 00:26:34,892: WARNING/Worker-5] 神级强者在都市更新结束。
[2018-06-08 00:26:34,918: WARNING/Worker-4] 全职法师更新结束。
[2018-06-08 00:26:35,005: WARNING/Worker-8] 剑来更新结束。
[2018-06-08 00:26:35,010: WARNING/Worker-2] 剑来更新结束。
[2018-06-08 00:26:35,015: WARNING/Worker-1] 大王饶命更新结束。
[2018-06-08 00:26:35,027: WARNING/Worker-3] 全职法师更新结束。
[2018-06-08 00:26:35,069: WARNING/Worker-5] 剑来更新结束。
[2018-06-08 00:26:35,069: WARNING/Worker-6] 全职法师更新结束。
[2018-06-08 00:26:35,227: WARNING/Worker-7] 神级强者在都市更新结束。
[2018-06-08 00:26:35,254: WARNING/Worker-8] 大王饶命更新结束。
[2018-06-08 00:26:35,254: WARNING/Worker-4] 神级强者在都市更新结束。
[2018-06-08 00:26:35,308: WARNING/Worker-2] 大王饶命更新结束。
[2018-06-08 00:26:35,386: WARNING/Worker-5] 大王饶命更新结束。
[2018-06-08 00:26:35,430: WARNING/Worker-3] 神级强者在都市更新结束。
[2018-06-08 00:26:35,431: WARNING/Worker-7] 剑来更新结束。
[2018-06-08 00:26:35,529: WARNING/Worker-4] 剑来更新结束。
[2018-06-08 00:26:35,529: WARNING/Worker-6] 神级强者在都市更新结束。
[2018-06-08 00:26:35,769: WARNING/Worker-1] 异常生物见闻录更新结束。
[2018-06-08 00:26:35,898: WARNING/Worker-3] 剑来更新结束。
[2018-06-08 00:26:35,898: WARNING/Worker-7] 大王饶命更新结束。
[2018-06-08 00:26:35,899: WARNING/Worker-8] 异常生物见闻录更新结束。
[2018-06-08 00:26:35,917: WARNING/Worker-6] 剑来更新结束。
[2018-06-08 00:26:35,944: WARNING/Worker-4] 大王饶命更新结束。
[2018-06-08 00:26:36,013: WARNING/Worker-2] 异常生物见闻录更新结束。
[2018-06-08 00:26:36,109: WARNING/Worker-5] 异常生物见闻录更新结束。
[2018-06-08 00:26:36,205: WARNING/Worker-3] 大王饶命更新结束。
[2018-06-08 00:26:36,215: WARNING/Worker-6] 大王饶命更新结束。
[2018-06-08 00:26:36,438: WARNING/Worker-7] 异常生物见闻录更新结束。
[2018-06-08 00:26:36,561: WARNING/Worker-1] 宠物天王更新结束。
[2018-06-08 00:26:36,590: WARNING/Worker-8] 宠物天王更新结束。
[2018-06-08 00:26:36,635: WARNING/Worker-2] 宠物天王更新结束。
[2018-06-08 00:26:36,668: WARNING/Worker-4] 异常生物见闻录更新结束。
[2018-06-08 00:26:36,752: WARNING/Worker-6] 异常生物见闻录更新结束。
[2018-06-08 00:26:36,770: WARNING/Worker-3] 异常生物见闻录更新结束。
[2018-06-08 00:26:37,003: WARNING/Worker-1] 修真聊天群更新结束。
[2018-06-08 00:26:37,039: WARNING/Worker-8] 修真聊天群更新结束。
[2018-06-08 00:26:37,095: WARNING/Worker-5] 宠物天王更新结束。
[2018-06-08 00:26:37,111: WARNING/Worker-2] 修真聊天群更新结束。
[2018-06-08 00:26:37,142: WARNING/Worker-4] 宠物天王更新结束。
[2018-06-08 00:26:37,356: WARNING/Worker-6] 宠物天王更新结束。
[2018-06-08 00:26:37,356: WARNING/Worker-3] 宠物天王更新结束。
[2018-06-08 00:26:37,356: WARNING/Worker-7] 宠物天王更新结束。
[2018-06-08 00:26:37,383: WARNING/Worker-1] 寒门崛起更新结束。
[2018-06-08 00:26:37,383: WARNING/Worker-8] 寒门崛起更新结束。
[2018-06-08 00:26:37,620: WARNING/Worker-2] 寒门崛起更新结束。
[2018-06-08 00:26:37,640: WARNING/Worker-5] 修真聊天群更新结束。
[2018-06-08 00:26:37,754: WARNING/Worker-4] 修真聊天群更新结束。
[2018-06-08 00:26:37,940: WARNING/Worker-3] 修真聊天群更新结束。
[2018-06-08 00:26:37,973: WARNING/Worker-5] 寒门崛起更新结束。
[2018-06-08 00:26:37,988: WARNING/Worker-8] 龙王传说更新结束。
[2018-06-08 00:26:37,988: WARNING/Worker-1] 龙王传说更新结束。
[2018-06-08 00:26:37,988: WARNING/Worker-6] 修真聊天群更新结束。
[2018-06-08 00:26:37,989: WARNING/Worker-7] 修真聊天群更新结束。
[2018-06-08 00:26:38,150: WARNING/Worker-4] 寒门崛起更新结束。
[2018-06-08 00:26:38,323: WARNING/Worker-2] 龙王传说更新结束。
[2018-06-08 00:26:38,344: WARNING/Worker-3] 寒门崛起更新结束。
[2018-06-08 00:26:38,380: WARNING/Worker-7] 寒门崛起更新结束。
[2018-06-08 00:26:38,437: WARNING/Worker-6] 寒门崛起更新结束。
[2018-06-08 00:26:38,549: WARNING/Worker-1] 圣墟更新结束。
[2018-06-08 00:26:38,902: WARNING/Worker-8] 圣墟更新结束。
[2018-06-08 00:26:38,960: WARNING/Worker-5] 龙王传说更新结束。
[2018-06-08 00:26:38,961: WARNING/Worker-4] 龙王传说更新结束。
[2018-06-08 00:26:38,969: WARNING/Worker-3] 龙王传说更新结束。
[2018-06-08 00:26:38,969: WARNING/Worker-6] 龙王传说更新结束。
[2018-06-08 00:26:38,971: WARNING/Worker-2] 圣墟更新结束。
[2018-06-08 00:26:38,974: WARNING/Worker-7] 龙王传说更新结束。
[2018-06-08 00:26:39,195: WARNING/Worker-1] 放开那个女巫更新结束。
[2018-06-08 00:26:39,353: WARNING/Worker-8] 放开那个女巫更新结束。
[2018-06-08 00:26:39,393: WARNING/Worker-2] 放开那个女巫更新结束。
[2018-06-08 00:26:39,458: WARNING/Worker-5] 圣墟更新结束。
[2018-06-08 00:26:39,525: WARNING/Worker-7] 圣墟更新结束。
[2018-06-08 00:26:39,550: WARNING/Worker-4] 圣墟更新结束。
[2018-06-08 00:26:39,580: WARNING/Worker-3] 圣墟更新结束。
[2018-06-08 00:26:39,580: WARNING/Worker-6] 圣墟更新结束。
[2018-06-08 00:26:39,910: WARNING/Worker-5] 放开那个女巫更新结束。
[2018-06-08 00:26:39,941: WARNING/Worker-7] 放开那个女巫更新结束。
[2018-06-08 00:26:39,972: WARNING/Worker-4] 放开那个女巫更新结束。
[2018-06-08 00:26:39,972: WARNING/Worker-6] 放开那个女巫更新结束。
[2018-06-08 00:26:40,010: WARNING/Worker-3] 放开那个女巫更新结束。
[2018-06-08 00:26:40,066: WARNING/Worker-1] 全职法师更新结束。
[2018-06-08 00:26:40,337: WARNING/Worker-8] 全职法师更新结束。
[2018-06-08 00:26:40,337: WARNING/Worker-2] 全职法师更新结束。
[2018-06-08 00:26:40,392: WARNING/Worker-1] 神级强者在都市更新结束。
[2018-06-08 00:26:40,518: WARNING/Worker-1] 剑来更新结束。
[2018-06-08 00:26:40,574: WARNING/Worker-8] 神级强者在都市更新结束。
[2018-06-08 00:26:40,584: WARNING/Worker-2] 神级强者在都市更新结束。
[2018-06-08 00:26:40,672: WARNING/Worker-5] 全职法师更新结束。
[2018-06-08 00:26:40,681: WARNING/Worker-1] 大王饶命更新结束。
[2018-06-08 00:26:40,686: WARNING/Worker-8] 剑来更新结束。
[2018-06-08 00:26:40,704: WARNING/Worker-2] 剑来更新结束。
[2018-06-08 00:26:40,773: WARNING/Worker-7] 全职法师更新结束。
[2018-06-08 00:26:40,846: WARNING/Worker-8] 大王饶命更新结束。
[2018-06-08 00:26:40,877: WARNING/Worker-4] 全职法师更新结束。
[2018-06-08 00:26:40,879: WARNING/Worker-6] 全职法师更新结束。
[2018-06-08 00:26:40,883: WARNING/Worker-2] 大王饶命更新结束。
[2018-06-08 00:26:40,906: WARNING/Worker-5] 神级强者在都市更新结束。
[2018-06-08 00:26:40,920: WARNING/Worker-3] 全职法师更新结束。
[2018-06-08 00:26:41,005: WARNING/Worker-7] 神级强者在都市更新结束。
[2018-06-08 00:26:41,131: WARNING/Worker-5] 剑来更新结束。
[2018-06-08 00:26:41,147: WARNING/Worker-6] 神级强者在都市更新结束。
[2018-06-08 00:26:41,148: WARNING/Worker-4] 神级强者在都市更新结束。
[2018-06-08 00:26:41,178: WARNING/Worker-3] 神级强者在都市更新结束。
[2018-06-08 00:26:41,212: WARNING/Worker-7] 剑来更新结束。
[2018-06-08 00:26:41,231: WARNING/Worker-1] 异常生物见闻录更新结束。
[2018-06-08 00:26:41,281: WARNING/Worker-5] 大王饶命更新结束。
[2018-06-08 00:26:41,389: WARNING/Worker-6] 剑来更新结束。
[2018-06-08 00:26:41,389: WARNING/Worker-4] 剑来更新结束。
[2018-06-08 00:26:41,401: WARNING/Worker-3] 剑来更新结束。
[2018-06-08 00:26:41,404: WARNING/Worker-8] 异常生物见闻录更新结束。
[2018-06-08 00:26:41,455: WARNING/Worker-7] 大王饶命更新结束。
[2018-06-08 00:26:41,455: WARNING/Worker-2] 异常生物见闻录更新结束。
[2018-06-08 00:26:41,559: WARNING/Worker-6] 大王饶命更新结束。
[2018-06-08 00:26:41,593: WARNING/Worker-4] 大王饶命更新结束。
[2018-06-08 00:26:41,600: WARNING/Worker-3] 大王饶命更新结束。
[2018-06-08 00:26:41,903: WARNING/Worker-5] 异常生物见闻录更新结束。
[2018-06-08 00:26:42,014: WARNING/Worker-1] 宠物天王更新结束。
[2018-06-08 00:26:42,022: WARNING/Worker-7] 异常生物见闻录更新结束。
[2018-06-08 00:26:42,022: WARNING/Worker-2] 宠物天王更新结束。
[2018-06-08 00:26:42,028: WARNING/Worker-8] 宠物天王更新结束。
[2018-06-08 00:26:42,158: WARNING/Worker-6] 异常生物见闻录更新结束。
[2018-06-08 00:26:42,199: WARNING/Worker-4] 异常生物见闻录更新结束。
[2018-06-08 00:26:42,204: WARNING/Worker-3] 异常生物见闻录更新结束。
[2018-06-08 00:26:42,501: WARNING/Worker-2] 修真聊天群更新结束。
[2018-06-08 00:26:42,506: WARNING/Worker-8] 修真聊天群更新结束。
[2018-06-08 00:26:42,508: WARNING/Worker-1] 修真聊天群更新结束。
[2018-06-08 00:26:42,731: WARNING/Worker-3] 宠物天王更新结束。
[2018-06-08 00:26:42,796: WARNING/Worker-8] 寒门崛起更新结束。
[2018-06-08 00:26:42,834: WARNING/Worker-1] 寒门崛起更新结束。
[2018-06-08 00:26:42,851: WARNING/Worker-2] 寒门崛起更新结束。
[2018-06-08 00:26:43,197: WARNING/Worker-3] 修真聊天群更新结束。
[2018-06-08 00:26:43,272: WARNING/Worker-8] 龙王传说更新结束。
[2018-06-08 00:26:43,294: WARNING/Worker-1] 龙王传说更新结束。
[2018-06-08 00:26:43,314: WARNING/Worker-2] 龙王传说更新结束。
[2018-06-08 00:26:43,581: WARNING/Worker-3] 寒门崛起更新结束。
[2018-06-08 00:26:43,763: WARNING/Worker-8] 圣墟更新结束。
[2018-06-08 00:26:43,771: WARNING/Worker-2] 圣墟更新结束。
[2018-06-08 00:26:43,780: WARNING/Worker-1] 圣墟更新结束。
[2018-06-08 00:26:44,041: WARNING/Worker-8] 放开那个女巫更新结束。
[2018-06-08 00:26:44,042: WARNING/Worker-3] 龙王传说更新结束。
[2018-06-08 00:26:44,134: WARNING/Worker-2] 放开那个女巫更新结束。
[2018-06-08 00:26:44,207: WARNING/Worker-1] 放开那个女巫更新结束。
[2018-06-08 00:26:44,606: WARNING/Worker-3] 圣墟更新结束。
[2018-06-08 00:26:44,606: WARNING/Worker-4] 宠物天王更新结束。
[2018-06-08 00:26:44,736: WARNING/Worker-8] 全职法师更新结束。
[2018-06-08 00:26:44,932: WARNING/Worker-2] 全职法师更新结束。
[2018-06-08 00:26:44,957: WARNING/Worker-3] 放开那个女巫更新结束。
[2018-06-08 00:26:44,981: WARNING/Worker-8] 神级强者在都市更新结束。
[2018-06-08 00:26:45,124: WARNING/Worker-8] 剑来更新结束。
[2018-06-08 00:26:45,142: WARNING/Worker-4] 修真聊天群更新结束。
[2018-06-08 00:26:45,142: WARNING/Worker-2] 神级强者在都市更新结束。
[2018-06-08 00:26:45,161: WARNING/Worker-1] 全职法师更新结束。
[2018-06-08 00:26:45,317: WARNING/Worker-2] 剑来更新结束。
[2018-06-08 00:26:45,377: WARNING/Worker-8] 大王饶命更新结束。
[2018-06-08 00:26:45,438: WARNING/Worker-1] 神级强者在都市更新结束。
[2018-06-08 00:26:45,582: WARNING/Worker-4] 寒门崛起更新结束。
[2018-06-08 00:26:45,695: WARNING/Worker-2] 大王饶命更新结束。
[2018-06-08 00:26:45,697: WARNING/Worker-1] 剑来更新结束。
[2018-06-08 00:26:45,820: WARNING/Worker-3] 全职法师更新结束。
[2018-06-08 00:26:45,828: WARNING/Worker-8] 异常生物见闻录更新结束。
[2018-06-08 00:26:45,893: WARNING/Worker-1] 大王饶命更新结束。
[2018-06-08 00:26:46,012: WARNING/Worker-3] 神级强者在都市更新结束。
[2018-06-08 00:26:46,054: WARNING/Worker-2] 异常生物见闻录更新结束。
[2018-06-08 00:26:46,070: WARNING/Worker-4] 龙王传说更新结束。
[2018-06-08 00:26:46,129: WARNING/Worker-3] 剑来更新结束。
[2018-06-08 00:26:46,297: WARNING/Worker-1] 异常生物见闻录更新结束。
[2018-06-08 00:26:46,327: WARNING/Worker-3] 大王饶命更新结束。
[2018-06-08 00:26:46,336: WARNING/Worker-4] 圣墟更新结束。
[2018-06-08 00:26:46,703: WARNING/Worker-4] 放开那个女巫更新结束。
[2018-06-08 00:26:46,751: WARNING/Worker-3] 异常生物见闻录更新结束。
[2018-06-08 00:26:47,326: WARNING/Worker-4] 全职法师更新结束。
[2018-06-08 00:26:47,526: WARNING/Worker-4] 神级强者在都市更新结束。
[2018-06-08 00:26:47,715: WARNING/Worker-4] 剑来更新结束。
[2018-06-08 00:26:47,921: WARNING/Worker-4] 大王饶命更新结束。
[2018-06-08 00:26:48,589: WARNING/Worker-4] 异常生物见闻录更新结束。
[2018-06-08 00:39:57,175: WARNING/MainProcess] celery@zhangchenyudeMacBook-Pro.local ready.
[2018-06-08 00:39:58,092: WARNING/Worker-2] 宠物天王更新结束。
[2018-06-08 00:40:01,524: WARNING/Worker-5] 宠物天王更新结束。
[2018-06-08 00:40:01,525: WARNING/Worker-8] 宠物天王更新结束。
[2018-06-08 00:40:01,557: WARNING/Worker-3] 宠物天王更新结束。
[2018-06-08 00:40:01,913: WARNING/Worker-5] 修真聊天群更新结束。
[2018-06-08 00:40:01,950: WARNING/Worker-8] 修真聊天群更新结束。
[2018-06-08 00:40:01,962: WARNING/Worker-3] 修真聊天群更新结束。
[2018-06-08 00:40:02,251: WARNING/Worker-4] 宠物天王更新结束。
[2018-06-08 00:40:02,254: WARNING/Worker-1] 宠物天王更新结束。
[2018-06-08 00:40:02,256: WARNING/Worker-7] 宠物天王更新结束。
[2018-06-08 00:40:02,256: WARNING/Worker-6] 宠物天王更新结束。
[2018-06-08 00:40:02,744: WARNING/Worker-5] 寒门崛起更新结束。
[2018-06-08 00:40:02,766: WARNING/Worker-3] 寒门崛起更新结束。
[2018-06-08 00:40:02,774: WARNING/Worker-8] 寒门崛起更新结束。
[2018-06-08 00:40:02,778: WARNING/Worker-4] 修真聊天群更新结束。
[2018-06-08 00:40:02,833: WARNING/Worker-1] 修真聊天群更新结束。
[2018-06-08 00:40:03,581: WARNING/Worker-7] 修真聊天群更新结束。
[2018-06-08 00:40:03,956: WARNING/Worker-6] 修真聊天群更新结束。
[2018-06-08 00:40:04,098: WARNING/Worker-4] 寒门崛起更新结束。
[2018-06-08 00:40:04,280: WARNING/Worker-1] 寒门崛起更新结束。
[2018-06-08 00:40:04,339: WARNING/Worker-6] 寒门崛起更新结束。
[2018-06-08 00:40:04,341: WARNING/Worker-7] 寒门崛起更新结束。
[2018-06-08 00:40:04,499: WARNING/Worker-2] 修真聊天群更新结束。
[2018-06-08 00:40:04,616: WARNING/Worker-4] 龙王传说更新结束。
[2018-06-08 00:40:04,714: WARNING/Worker-1] 龙王传说更新结束。
[2018-06-08 00:40:04,807: WARNING/Worker-2] 寒门崛起更新结束。
[2018-06-08 00:40:04,876: WARNING/Worker-7] 龙王传说更新结束。
[2018-06-08 00:40:04,944: WARNING/Worker-6] 龙王传说更新结束。
[2018-06-08 00:40:05,603: WARNING/Worker-2] 龙王传说更新结束。
[2018-06-08 00:40:05,663: WARNING/Worker-6] 圣墟更新结束。
[2018-06-08 00:40:05,663: WARNING/Worker-7] 圣墟更新结束。
[2018-06-08 00:40:05,732: WARNING/Worker-5] 龙王传说更新结束。
[2018-06-08 00:40:05,732: WARNING/Worker-8] 龙王传说更新结束。
[2018-06-08 00:40:05,763: WARNING/Worker-3] 龙王传说更新结束。
[2018-06-08 00:40:06,028: WARNING/Worker-2] 圣墟更新结束。
[2018-06-08 00:40:06,191: WARNING/Worker-1] 圣墟更新结束。
[2018-06-08 00:40:06,326: WARNING/Worker-5] 圣墟更新结束。
[2018-06-08 00:40:06,335: WARNING/Worker-8] 圣墟更新结束。
[2018-06-08 00:40:06,338: WARNING/Worker-3] 圣墟更新结束。
[2018-06-08 00:40:06,345: WARNING/Worker-4] 圣墟更新结束。
[2018-06-08 00:40:06,523: WARNING/Worker-1] 放开那个女巫更新结束。
[2018-06-08 00:40:06,712: WARNING/Worker-3] 放开那个女巫更新结束。
[2018-06-08 00:40:06,716: WARNING/Worker-8] 放开那个女巫更新结束。
[2018-06-08 00:40:06,717: WARNING/Worker-4] 放开那个女巫更新结束。
[2018-06-08 00:40:06,724: WARNING/Worker-5] 放开那个女巫更新结束。
[2018-06-08 00:40:07,081: WARNING/Worker-6] 放开那个女巫更新结束。
[2018-06-08 00:40:07,100: WARNING/Worker-7] 放开那个女巫更新结束。
[2018-06-08 00:40:07,254: WARNING/Worker-2] 放开那个女巫更新结束。
[2018-06-08 00:40:07,639: WARNING/Worker-8] 全职法师更新结束。
[2018-06-08 00:40:07,653: WARNING/Worker-3] 全职法师更新结束。
[2018-06-08 00:40:07,710: WARNING/Worker-4] 全职法师更新结束。
[2018-06-08 00:40:07,740: WARNING/Worker-5] 全职法师更新结束。
[2018-06-08 00:40:08,107: WARNING/Worker-7] 全职法师更新结束。
[2018-06-08 00:40:08,109: WARNING/Worker-6] 全职法师更新结束。
[2018-06-08 00:40:08,109: WARNING/Worker-2] 全职法师更新结束。
[2018-06-08 00:40:08,283: WARNING/Worker-1] 全职法师更新结束。
[2018-06-08 00:40:08,308: WARNING/Worker-3] 神级强者在都市更新结束。
[2018-06-08 00:40:08,310: WARNING/Worker-4] 神级强者在都市更新结束。
[2018-06-08 00:40:08,313: WARNING/Worker-5] 神级强者在都市更新结束。
[2018-06-08 00:40:08,314: WARNING/Worker-8] 神级强者在都市更新结束。
[2018-06-08 00:40:08,348: WARNING/Worker-7] 神级强者在都市更新结束。
[2018-06-08 00:40:08,350: WARNING/Worker-6] 神级强者在都市更新结束。
[2018-06-08 00:40:08,376: WARNING/Worker-2] 神级强者在都市更新结束。
[2018-06-08 00:40:08,479: WARNING/Worker-1] 神级强者在都市更新结束。
[2018-06-08 00:40:09,136: WARNING/Worker-2] 剑来更新结束。
[2018-06-08 00:40:09,481: WARNING/Worker-7] 剑来更新结束。
[2018-06-08 00:40:09,490: WARNING/Worker-2] 大王饶命更新结束。
[2018-06-08 00:40:09,490: WARNING/Worker-5] 剑来更新结束。
[2018-06-08 00:40:09,642: WARNING/Worker-7] 大王饶命更新结束。
[2018-06-08 00:40:09,643: WARNING/Worker-5] 大王饶命更新结束。
[2018-06-08 00:40:09,694: WARNING/Worker-3] 剑来更新结束。
